Connecting to database specified by database.yml
Connecting to database specified by database.yml
Connecting to database specified by database.yml
Connecting to database specified by database.yml
Connecting to database specified by database.yml
Connecting to database specified by database.yml
Connecting to database specified by database.yml
Connecting to database specified by database.yml
  [1m[36m (5.1ms)[0m  [1mCREATE TABLE "schema_migrations" ("version" character varying(255) NOT NULL) [0m
  [1m[35m (3.0ms)[0m   SELECT distinct i.relname, d.indisunique, d.indkey, pg_get_indexdef(d.indexrelid), t.oid
 FROM pg_class t
 INNER JOIN pg_index d ON t.oid = d.indrelid
 INNER JOIN pg_class i ON d.indexrelid = i.oid
 WHERE i.relkind = 'i'
 AND d.indisprimary = 'f'
 AND t.relname = 'schema_migrations'
 AND i.relnamespace IN (SELECT oid FROM pg_namespace WHERE nspname = ANY (current_schemas(false)) )
 ORDER BY i.relname

  [1m[36m (1.9ms)[0m  [1mCREATE UNIQUE INDEX "unique_schema_migrations" ON "schema_migrations" ("version")[0m
  [1m[35m (0.4ms)[0m  SELECT "schema_migrations"."version" FROM "schema_migrations" 
Migrating to CreateBathrooms (20121006143622)
  [1m[36m (0.3ms)[0m  [1mBEGIN[0m
  [1m[35m (3.1ms)[0m  CREATE TABLE "bathrooms" ("id" serial primary key, "created_at" timestamp NOT NULL, "updated_at" timestamp NOT NULL) 
  [1m[36m (0.4ms)[0m  [1mINSERT INTO "schema_migrations" ("version") VALUES ('20121006143622')[0m
  [1m[35m (0.9ms)[0m  COMMIT
Migrating to CreateVenues (20121006143807)
  [1m[36m (0.1ms)[0m  [1mBEGIN[0m
  [1m[35m (3.0ms)[0m  CREATE TABLE "venues" ("id" serial primary key, "name" character varying(255), "neighborhood" character varying(255), "address" character varying(255), "city" character varying(255), "state" character varying(255), "zip" character varying(255), "created_at" timestamp NOT NULL, "updated_at" timestamp NOT NULL) 
  [1m[36m (0.3ms)[0m  [1mINSERT INTO "schema_migrations" ("version") VALUES ('20121006143807')[0m
  [1m[35m (0.7ms)[0m  COMMIT
Migrating to CreateScores (20121006143814)
  [1m[36m (0.2ms)[0m  [1mBEGIN[0m
  [1m[35m (2.3ms)[0m  CREATE TABLE "scores" ("id" serial primary key, "created_at" timestamp NOT NULL, "updated_at" timestamp NOT NULL) 
  [1m[36m (0.2ms)[0m  [1mINSERT INTO "schema_migrations" ("version") VALUES ('20121006143814')[0m
  [1m[35m (0.8ms)[0m  COMMIT
Migrating to CreateScoreTypes (20121006143841)
  [1m[36m (0.1ms)[0m  [1mBEGIN[0m
  [1m[35m (2.1ms)[0m  CREATE TABLE "score_types" ("id" serial primary key, "created_at" timestamp NOT NULL, "updated_at" timestamp NOT NULL) 
  [1m[36m (0.2ms)[0m  [1mINSERT INTO "schema_migrations" ("version") VALUES ('20121006143841')[0m
  [1m[35m (0.6ms)[0m  COMMIT
Migrating to CreateBathroomTypes (20121006143905)
  [1m[36m (0.2ms)[0m  [1mBEGIN[0m
  [1m[35m (2.7ms)[0m  CREATE TABLE "bathroom_types" ("id" serial primary key, "created_at" timestamp NOT NULL, "updated_at" timestamp NOT NULL) 
  [1m[36m (0.2ms)[0m  [1mINSERT INTO "schema_migrations" ("version") VALUES ('20121006143905')[0m
  [1m[35m (0.6ms)[0m  COMMIT
Migrating to CreateReviews (20121006143919)
  [1m[36m (0.2ms)[0m  [1mBEGIN[0m
  [1m[35m (2.2ms)[0m  CREATE TABLE "reviews" ("id" serial primary key, "created_at" timestamp NOT NULL, "updated_at" timestamp NOT NULL) 
  [1m[36m (0.3ms)[0m  [1mINSERT INTO "schema_migrations" ("version") VALUES ('20121006143919')[0m
  [1m[35m (0.7ms)[0m  COMMIT
  [1m[36m (0.4ms)[0m  [1mSELECT "schema_migrations"."version" FROM "schema_migrations" [0m
  [1m[35mPK and serial sequence (2.8ms)[0m   SELECT attr.attname, seq.relname
 FROM pg_class seq,
 pg_attribute attr,
 pg_depend dep,
 pg_namespace name,
 pg_constraint cons
 WHERE seq.oid = dep.objid
 AND seq.relkind = 'S'
 AND attr.attrelid = dep.refobjid
 AND attr.attnum = dep.refobjsubid
 AND attr.attrelid = cons.conrelid
 AND attr.attnum = cons.conkey[1]
 AND cons.contype = 'p'
 AND dep.refobjid = '"bathroom_types"'::regclass

  [1m[36m (2.4ms)[0m  [1m SELECT distinct i.relname, d.indisunique, d.indkey, pg_get_indexdef(d.indexrelid), t.oid
 FROM pg_class t
 INNER JOIN pg_index d ON t.oid = d.indrelid
 INNER JOIN pg_class i ON d.indexrelid = i.oid
 WHERE i.relkind = 'i'
 AND d.indisprimary = 'f'
 AND t.relname = 'bathroom_types'
 AND i.relnamespace IN (SELECT oid FROM pg_namespace WHERE nspname = ANY (current_schemas(false)) )
 ORDER BY i.relname
[0m
  [1m[35mPK and serial sequence (1.6ms)[0m   SELECT attr.attname, seq.relname
 FROM pg_class seq,
 pg_attribute attr,
 pg_depend dep,
 pg_namespace name,
 pg_constraint cons
 WHERE seq.oid = dep.objid
 AND seq.relkind = 'S'
 AND attr.attrelid = dep.refobjid
 AND attr.attnum = dep.refobjsubid
 AND attr.attrelid = cons.conrelid
 AND attr.attnum = cons.conkey[1]
 AND cons.contype = 'p'
 AND dep.refobjid = '"bathrooms"'::regclass

  [1m[36m (0.9ms)[0m  [1m SELECT distinct i.relname, d.indisunique, d.indkey, pg_get_indexdef(d.indexrelid), t.oid
 FROM pg_class t
 INNER JOIN pg_index d ON t.oid = d.indrelid
 INNER JOIN pg_class i ON d.indexrelid = i.oid
 WHERE i.relkind = 'i'
 AND d.indisprimary = 'f'
 AND t.relname = 'bathrooms'
 AND i.relnamespace IN (SELECT oid FROM pg_namespace WHERE nspname = ANY (current_schemas(false)) )
 ORDER BY i.relname
[0m
  [1m[35mPK and serial sequence (1.3ms)[0m   SELECT attr.attname, seq.relname
 FROM pg_class seq,
 pg_attribute attr,
 pg_depend dep,
 pg_namespace name,
 pg_constraint cons
 WHERE seq.oid = dep.objid
 AND seq.relkind = 'S'
 AND attr.attrelid = dep.refobjid
 AND attr.attnum = dep.refobjsubid
 AND attr.attrelid = cons.conrelid
 AND attr.attnum = cons.conkey[1]
 AND cons.contype = 'p'
 AND dep.refobjid = '"reviews"'::regclass

  [1m[36m (0.8ms)[0m  [1m SELECT distinct i.relname, d.indisunique, d.indkey, pg_get_indexdef(d.indexrelid), t.oid
 FROM pg_class t
 INNER JOIN pg_index d ON t.oid = d.indrelid
 INNER JOIN pg_class i ON d.indexrelid = i.oid
 WHERE i.relkind = 'i'
 AND d.indisprimary = 'f'
 AND t.relname = 'reviews'
 AND i.relnamespace IN (SELECT oid FROM pg_namespace WHERE nspname = ANY (current_schemas(false)) )
 ORDER BY i.relname
[0m
  [1m[35mPK and serial sequence (1.1ms)[0m   SELECT attr.attname, seq.relname
 FROM pg_class seq,
 pg_attribute attr,
 pg_depend dep,
 pg_namespace name,
 pg_constraint cons
 WHERE seq.oid = dep.objid
 AND seq.relkind = 'S'
 AND attr.attrelid = dep.refobjid
 AND attr.attnum = dep.refobjsubid
 AND attr.attrelid = cons.conrelid
 AND attr.attnum = cons.conkey[1]
 AND cons.contype = 'p'
 AND dep.refobjid = '"score_types"'::regclass

  [1m[36m (0.6ms)[0m  [1m SELECT distinct i.relname, d.indisunique, d.indkey, pg_get_indexdef(d.indexrelid), t.oid
 FROM pg_class t
 INNER JOIN pg_index d ON t.oid = d.indrelid
 INNER JOIN pg_class i ON d.indexrelid = i.oid
 WHERE i.relkind = 'i'
 AND d.indisprimary = 'f'
 AND t.relname = 'score_types'
 AND i.relnamespace IN (SELECT oid FROM pg_namespace WHERE nspname = ANY (current_schemas(false)) )
 ORDER BY i.relname
[0m
  [1m[35mPK and serial sequence (1.4ms)[0m   SELECT attr.attname, seq.relname
 FROM pg_class seq,
 pg_attribute attr,
 pg_depend dep,
 pg_namespace name,
 pg_constraint cons
 WHERE seq.oid = dep.objid
 AND seq.relkind = 'S'
 AND attr.attrelid = dep.refobjid
 AND attr.attnum = dep.refobjsubid
 AND attr.attrelid = cons.conrelid
 AND attr.attnum = cons.conkey[1]
 AND cons.contype = 'p'
 AND dep.refobjid = '"scores"'::regclass

  [1m[36m (0.7ms)[0m  [1m SELECT distinct i.relname, d.indisunique, d.indkey, pg_get_indexdef(d.indexrelid), t.oid
 FROM pg_class t
 INNER JOIN pg_index d ON t.oid = d.indrelid
 INNER JOIN pg_class i ON d.indexrelid = i.oid
 WHERE i.relkind = 'i'
 AND d.indisprimary = 'f'
 AND t.relname = 'scores'
 AND i.relnamespace IN (SELECT oid FROM pg_namespace WHERE nspname = ANY (current_schemas(false)) )
 ORDER BY i.relname
[0m
  [1m[35mPK and serial sequence (0.9ms)[0m   SELECT attr.attname, seq.relname
 FROM pg_class seq,
 pg_attribute attr,
 pg_depend dep,
 pg_namespace name,
 pg_constraint cons
 WHERE seq.oid = dep.objid
 AND seq.relkind = 'S'
 AND attr.attrelid = dep.refobjid
 AND attr.attnum = dep.refobjsubid
 AND attr.attrelid = cons.conrelid
 AND attr.attnum = cons.conkey[1]
 AND cons.contype = 'p'
 AND dep.refobjid = '"venues"'::regclass

  [1m[36m (0.6ms)[0m  [1m SELECT distinct i.relname, d.indisunique, d.indkey, pg_get_indexdef(d.indexrelid), t.oid
 FROM pg_class t
 INNER JOIN pg_index d ON t.oid = d.indrelid
 INNER JOIN pg_class i ON d.indexrelid = i.oid
 WHERE i.relkind = 'i'
 AND d.indisprimary = 'f'
 AND t.relname = 'venues'
 AND i.relnamespace IN (SELECT oid FROM pg_namespace WHERE nspname = ANY (current_schemas(false)) )
 ORDER BY i.relname
[0m
Connecting to database specified by database.yml
  [1m[36m (0.5ms)[0m  [1mSELECT "schema_migrations"."version" FROM "schema_migrations" [0m
Migrating to CreateBathrooms (20121006143622)
Migrating to CreateVenues (20121006143807)
Migrating to CreateScores (20121006143814)
Migrating to CreateScoreTypes (20121006143841)
Migrating to CreateBathroomTypes (20121006143905)
Migrating to CreateReviews (20121006143919)
  [1m[35m (0.3ms)[0m  SELECT "schema_migrations"."version" FROM "schema_migrations" 
  [1m[36mPK and serial sequence (1.8ms)[0m  [1m SELECT attr.attname, seq.relname
 FROM pg_class seq,
 pg_attribute attr,
 pg_depend dep,
 pg_namespace name,
 pg_constraint cons
 WHERE seq.oid = dep.objid
 AND seq.relkind = 'S'
 AND attr.attrelid = dep.refobjid
 AND attr.attnum = dep.refobjsubid
 AND attr.attrelid = cons.conrelid
 AND attr.attnum = cons.conkey[1]
 AND cons.contype = 'p'
 AND dep.refobjid = '"bathroom_types"'::regclass
[0m
  [1m[35m (1.6ms)[0m   SELECT distinct i.relname, d.indisunique, d.indkey, pg_get_indexdef(d.indexrelid), t.oid
 FROM pg_class t
 INNER JOIN pg_index d ON t.oid = d.indrelid
 INNER JOIN pg_class i ON d.indexrelid = i.oid
 WHERE i.relkind = 'i'
 AND d.indisprimary = 'f'
 AND t.relname = 'bathroom_types'
 AND i.relnamespace IN (SELECT oid FROM pg_namespace WHERE nspname = ANY (current_schemas(false)) )
 ORDER BY i.relname

  [1m[36mPK and serial sequence (1.1ms)[0m  [1m SELECT attr.attname, seq.relname
 FROM pg_class seq,
 pg_attribute attr,
 pg_depend dep,
 pg_namespace name,
 pg_constraint cons
 WHERE seq.oid = dep.objid
 AND seq.relkind = 'S'
 AND attr.attrelid = dep.refobjid
 AND attr.attnum = dep.refobjsubid
 AND attr.attrelid = cons.conrelid
 AND attr.attnum = cons.conkey[1]
 AND cons.contype = 'p'
 AND dep.refobjid = '"bathrooms"'::regclass
[0m
  [1m[35m (0.8ms)[0m   SELECT distinct i.relname, d.indisunique, d.indkey, pg_get_indexdef(d.indexrelid), t.oid
 FROM pg_class t
 INNER JOIN pg_index d ON t.oid = d.indrelid
 INNER JOIN pg_class i ON d.indexrelid = i.oid
 WHERE i.relkind = 'i'
 AND d.indisprimary = 'f'
 AND t.relname = 'bathrooms'
 AND i.relnamespace IN (SELECT oid FROM pg_namespace WHERE nspname = ANY (current_schemas(false)) )
 ORDER BY i.relname

  [1m[36mPK and serial sequence (1.0ms)[0m  [1m SELECT attr.attname, seq.relname
 FROM pg_class seq,
 pg_attribute attr,
 pg_depend dep,
 pg_namespace name,
 pg_constraint cons
 WHERE seq.oid = dep.objid
 AND seq.relkind = 'S'
 AND attr.attrelid = dep.refobjid
 AND attr.attnum = dep.refobjsubid
 AND attr.attrelid = cons.conrelid
 AND attr.attnum = cons.conkey[1]
 AND cons.contype = 'p'
 AND dep.refobjid = '"reviews"'::regclass
[0m
  [1m[35m (0.8ms)[0m   SELECT distinct i.relname, d.indisunique, d.indkey, pg_get_indexdef(d.indexrelid), t.oid
 FROM pg_class t
 INNER JOIN pg_index d ON t.oid = d.indrelid
 INNER JOIN pg_class i ON d.indexrelid = i.oid
 WHERE i.relkind = 'i'
 AND d.indisprimary = 'f'
 AND t.relname = 'reviews'
 AND i.relnamespace IN (SELECT oid FROM pg_namespace WHERE nspname = ANY (current_schemas(false)) )
 ORDER BY i.relname

  [1m[36mPK and serial sequence (1.0ms)[0m  [1m SELECT attr.attname, seq.relname
 FROM pg_class seq,
 pg_attribute attr,
 pg_depend dep,
 pg_namespace name,
 pg_constraint cons
 WHERE seq.oid = dep.objid
 AND seq.relkind = 'S'
 AND attr.attrelid = dep.refobjid
 AND attr.attnum = dep.refobjsubid
 AND attr.attrelid = cons.conrelid
 AND attr.attnum = cons.conkey[1]
 AND cons.contype = 'p'
 AND dep.refobjid = '"score_types"'::regclass
[0m
  [1m[35m (0.8ms)[0m   SELECT distinct i.relname, d.indisunique, d.indkey, pg_get_indexdef(d.indexrelid), t.oid
 FROM pg_class t
 INNER JOIN pg_index d ON t.oid = d.indrelid
 INNER JOIN pg_class i ON d.indexrelid = i.oid
 WHERE i.relkind = 'i'
 AND d.indisprimary = 'f'
 AND t.relname = 'score_types'
 AND i.relnamespace IN (SELECT oid FROM pg_namespace WHERE nspname = ANY (current_schemas(false)) )
 ORDER BY i.relname

  [1m[36mPK and serial sequence (1.0ms)[0m  [1m SELECT attr.attname, seq.relname
 FROM pg_class seq,
 pg_attribute attr,
 pg_depend dep,
 pg_namespace name,
 pg_constraint cons
 WHERE seq.oid = dep.objid
 AND seq.relkind = 'S'
 AND attr.attrelid = dep.refobjid
 AND attr.attnum = dep.refobjsubid
 AND attr.attrelid = cons.conrelid
 AND attr.attnum = cons.conkey[1]
 AND cons.contype = 'p'
 AND dep.refobjid = '"scores"'::regclass
[0m
  [1m[35m (0.8ms)[0m   SELECT distinct i.relname, d.indisunique, d.indkey, pg_get_indexdef(d.indexrelid), t.oid
 FROM pg_class t
 INNER JOIN pg_index d ON t.oid = d.indrelid
 INNER JOIN pg_class i ON d.indexrelid = i.oid
 WHERE i.relkind = 'i'
 AND d.indisprimary = 'f'
 AND t.relname = 'scores'
 AND i.relnamespace IN (SELECT oid FROM pg_namespace WHERE nspname = ANY (current_schemas(false)) )
 ORDER BY i.relname

  [1m[36mPK and serial sequence (0.9ms)[0m  [1m SELECT attr.attname, seq.relname
 FROM pg_class seq,
 pg_attribute attr,
 pg_depend dep,
 pg_namespace name,
 pg_constraint cons
 WHERE seq.oid = dep.objid
 AND seq.relkind = 'S'
 AND attr.attrelid = dep.refobjid
 AND attr.attnum = dep.refobjsubid
 AND attr.attrelid = cons.conrelid
 AND attr.attnum = cons.conkey[1]
 AND cons.contype = 'p'
 AND dep.refobjid = '"venues"'::regclass
[0m
  [1m[35m (0.8ms)[0m   SELECT distinct i.relname, d.indisunique, d.indkey, pg_get_indexdef(d.indexrelid), t.oid
 FROM pg_class t
 INNER JOIN pg_index d ON t.oid = d.indrelid
 INNER JOIN pg_class i ON d.indexrelid = i.oid
 WHERE i.relkind = 'i'
 AND d.indisprimary = 'f'
 AND t.relname = 'venues'
 AND i.relnamespace IN (SELECT oid FROM pg_namespace WHERE nspname = ANY (current_schemas(false)) )
 ORDER BY i.relname

Connecting to database specified by database.yml
  [1m[36m (0.4ms)[0m  [1mSELECT "schema_migrations"."version" FROM "schema_migrations" [0m
Migrating to CreateBathrooms (20121006143622)
Migrating to CreateVenues (20121006143807)
Migrating to CreateScores (20121006143814)
Migrating to CreateScoreTypes (20121006143841)
Migrating to CreateBathroomTypes (20121006143905)
Migrating to CreateReviews (20121006143919)
  [1m[35m (0.4ms)[0m  SELECT "schema_migrations"."version" FROM "schema_migrations" 
  [1m[36mPK and serial sequence (2.0ms)[0m  [1m SELECT attr.attname, seq.relname
 FROM pg_class seq,
 pg_attribute attr,
 pg_depend dep,
 pg_namespace name,
 pg_constraint cons
 WHERE seq.oid = dep.objid
 AND seq.relkind = 'S'
 AND attr.attrelid = dep.refobjid
 AND attr.attnum = dep.refobjsubid
 AND attr.attrelid = cons.conrelid
 AND attr.attnum = cons.conkey[1]
 AND cons.contype = 'p'
 AND dep.refobjid = '"bathroom_types"'::regclass
[0m
  [1m[35m (1.7ms)[0m   SELECT distinct i.relname, d.indisunique, d.indkey, pg_get_indexdef(d.indexrelid), t.oid
 FROM pg_class t
 INNER JOIN pg_index d ON t.oid = d.indrelid
 INNER JOIN pg_class i ON d.indexrelid = i.oid
 WHERE i.relkind = 'i'
 AND d.indisprimary = 'f'
 AND t.relname = 'bathroom_types'
 AND i.relnamespace IN (SELECT oid FROM pg_namespace WHERE nspname = ANY (current_schemas(false)) )
 ORDER BY i.relname

  [1m[36mPK and serial sequence (1.1ms)[0m  [1m SELECT attr.attname, seq.relname
 FROM pg_class seq,
 pg_attribute attr,
 pg_depend dep,
 pg_namespace name,
 pg_constraint cons
 WHERE seq.oid = dep.objid
 AND seq.relkind = 'S'
 AND attr.attrelid = dep.refobjid
 AND attr.attnum = dep.refobjsubid
 AND attr.attrelid = cons.conrelid
 AND attr.attnum = cons.conkey[1]
 AND cons.contype = 'p'
 AND dep.refobjid = '"bathrooms"'::regclass
[0m
  [1m[35m (0.8ms)[0m   SELECT distinct i.relname, d.indisunique, d.indkey, pg_get_indexdef(d.indexrelid), t.oid
 FROM pg_class t
 INNER JOIN pg_index d ON t.oid = d.indrelid
 INNER JOIN pg_class i ON d.indexrelid = i.oid
 WHERE i.relkind = 'i'
 AND d.indisprimary = 'f'
 AND t.relname = 'bathrooms'
 AND i.relnamespace IN (SELECT oid FROM pg_namespace WHERE nspname = ANY (current_schemas(false)) )
 ORDER BY i.relname

  [1m[36mPK and serial sequence (1.1ms)[0m  [1m SELECT attr.attname, seq.relname
 FROM pg_class seq,
 pg_attribute attr,
 pg_depend dep,
 pg_namespace name,
 pg_constraint cons
 WHERE seq.oid = dep.objid
 AND seq.relkind = 'S'
 AND attr.attrelid = dep.refobjid
 AND attr.attnum = dep.refobjsubid
 AND attr.attrelid = cons.conrelid
 AND attr.attnum = cons.conkey[1]
 AND cons.contype = 'p'
 AND dep.refobjid = '"reviews"'::regclass
[0m
  [1m[35m (0.8ms)[0m   SELECT distinct i.relname, d.indisunique, d.indkey, pg_get_indexdef(d.indexrelid), t.oid
 FROM pg_class t
 INNER JOIN pg_index d ON t.oid = d.indrelid
 INNER JOIN pg_class i ON d.indexrelid = i.oid
 WHERE i.relkind = 'i'
 AND d.indisprimary = 'f'
 AND t.relname = 'reviews'
 AND i.relnamespace IN (SELECT oid FROM pg_namespace WHERE nspname = ANY (current_schemas(false)) )
 ORDER BY i.relname

  [1m[36mPK and serial sequence (1.0ms)[0m  [1m SELECT attr.attname, seq.relname
 FROM pg_class seq,
 pg_attribute attr,
 pg_depend dep,
 pg_namespace name,
 pg_constraint cons
 WHERE seq.oid = dep.objid
 AND seq.relkind = 'S'
 AND attr.attrelid = dep.refobjid
 AND attr.attnum = dep.refobjsubid
 AND attr.attrelid = cons.conrelid
 AND attr.attnum = cons.conkey[1]
 AND cons.contype = 'p'
 AND dep.refobjid = '"score_types"'::regclass
[0m
  [1m[35m (0.8ms)[0m   SELECT distinct i.relname, d.indisunique, d.indkey, pg_get_indexdef(d.indexrelid), t.oid
 FROM pg_class t
 INNER JOIN pg_index d ON t.oid = d.indrelid
 INNER JOIN pg_class i ON d.indexrelid = i.oid
 WHERE i.relkind = 'i'
 AND d.indisprimary = 'f'
 AND t.relname = 'score_types'
 AND i.relnamespace IN (SELECT oid FROM pg_namespace WHERE nspname = ANY (current_schemas(false)) )
 ORDER BY i.relname

  [1m[36mPK and serial sequence (1.1ms)[0m  [1m SELECT attr.attname, seq.relname
 FROM pg_class seq,
 pg_attribute attr,
 pg_depend dep,
 pg_namespace name,
 pg_constraint cons
 WHERE seq.oid = dep.objid
 AND seq.relkind = 'S'
 AND attr.attrelid = dep.refobjid
 AND attr.attnum = dep.refobjsubid
 AND attr.attrelid = cons.conrelid
 AND attr.attnum = cons.conkey[1]
 AND cons.contype = 'p'
 AND dep.refobjid = '"scores"'::regclass
[0m
  [1m[35m (0.7ms)[0m   SELECT distinct i.relname, d.indisunique, d.indkey, pg_get_indexdef(d.indexrelid), t.oid
 FROM pg_class t
 INNER JOIN pg_index d ON t.oid = d.indrelid
 INNER JOIN pg_class i ON d.indexrelid = i.oid
 WHERE i.relkind = 'i'
 AND d.indisprimary = 'f'
 AND t.relname = 'scores'
 AND i.relnamespace IN (SELECT oid FROM pg_namespace WHERE nspname = ANY (current_schemas(false)) )
 ORDER BY i.relname

  [1m[36mPK and serial sequence (1.1ms)[0m  [1m SELECT attr.attname, seq.relname
 FROM pg_class seq,
 pg_attribute attr,
 pg_depend dep,
 pg_namespace name,
 pg_constraint cons
 WHERE seq.oid = dep.objid
 AND seq.relkind = 'S'
 AND attr.attrelid = dep.refobjid
 AND attr.attnum = dep.refobjsubid
 AND attr.attrelid = cons.conrelid
 AND attr.attnum = cons.conkey[1]
 AND cons.contype = 'p'
 AND dep.refobjid = '"venues"'::regclass
[0m
  [1m[35m (0.8ms)[0m   SELECT distinct i.relname, d.indisunique, d.indkey, pg_get_indexdef(d.indexrelid), t.oid
 FROM pg_class t
 INNER JOIN pg_index d ON t.oid = d.indrelid
 INNER JOIN pg_class i ON d.indexrelid = i.oid
 WHERE i.relkind = 'i'
 AND d.indisprimary = 'f'
 AND t.relname = 'venues'
 AND i.relnamespace IN (SELECT oid FROM pg_namespace WHERE nspname = ANY (current_schemas(false)) )
 ORDER BY i.relname

Connecting to database specified by database.yml
  [1m[36m (0.5ms)[0m  [1mSELECT "schema_migrations"."version" FROM "schema_migrations" [0m
Migrating to CreateBathrooms (20121006143622)
Migrating to CreateVenues (20121006143807)
Migrating to CreateScores (20121006143814)
Migrating to CreateScoreTypes (20121006143841)
Migrating to CreateBathroomTypes (20121006143905)
Migrating to CreateReviews (20121006143919)
  [1m[35m (0.4ms)[0m  SELECT "schema_migrations"."version" FROM "schema_migrations" 
  [1m[36mPK and serial sequence (1.9ms)[0m  [1m SELECT attr.attname, seq.relname
 FROM pg_class seq,
 pg_attribute attr,
 pg_depend dep,
 pg_namespace name,
 pg_constraint cons
 WHERE seq.oid = dep.objid
 AND seq.relkind = 'S'
 AND attr.attrelid = dep.refobjid
 AND attr.attnum = dep.refobjsubid
 AND attr.attrelid = cons.conrelid
 AND attr.attnum = cons.conkey[1]
 AND cons.contype = 'p'
 AND dep.refobjid = '"bathroom_types"'::regclass
[0m
  [1m[35m (1.7ms)[0m   SELECT distinct i.relname, d.indisunique, d.indkey, pg_get_indexdef(d.indexrelid), t.oid
 FROM pg_class t
 INNER JOIN pg_index d ON t.oid = d.indrelid
 INNER JOIN pg_class i ON d.indexrelid = i.oid
 WHERE i.relkind = 'i'
 AND d.indisprimary = 'f'
 AND t.relname = 'bathroom_types'
 AND i.relnamespace IN (SELECT oid FROM pg_namespace WHERE nspname = ANY (current_schemas(false)) )
 ORDER BY i.relname

  [1m[36mPK and serial sequence (1.1ms)[0m  [1m SELECT attr.attname, seq.relname
 FROM pg_class seq,
 pg_attribute attr,
 pg_depend dep,
 pg_namespace name,
 pg_constraint cons
 WHERE seq.oid = dep.objid
 AND seq.relkind = 'S'
 AND attr.attrelid = dep.refobjid
 AND attr.attnum = dep.refobjsubid
 AND attr.attrelid = cons.conrelid
 AND attr.attnum = cons.conkey[1]
 AND cons.contype = 'p'
 AND dep.refobjid = '"bathrooms"'::regclass
[0m
  [1m[35m (0.8ms)[0m   SELECT distinct i.relname, d.indisunique, d.indkey, pg_get_indexdef(d.indexrelid), t.oid
 FROM pg_class t
 INNER JOIN pg_index d ON t.oid = d.indrelid
 INNER JOIN pg_class i ON d.indexrelid = i.oid
 WHERE i.relkind = 'i'
 AND d.indisprimary = 'f'
 AND t.relname = 'bathrooms'
 AND i.relnamespace IN (SELECT oid FROM pg_namespace WHERE nspname = ANY (current_schemas(false)) )
 ORDER BY i.relname

  [1m[36mPK and serial sequence (0.8ms)[0m  [1m SELECT attr.attname, seq.relname
 FROM pg_class seq,
 pg_attribute attr,
 pg_depend dep,
 pg_namespace name,
 pg_constraint cons
 WHERE seq.oid = dep.objid
 AND seq.relkind = 'S'
 AND attr.attrelid = dep.refobjid
 AND attr.attnum = dep.refobjsubid
 AND attr.attrelid = cons.conrelid
 AND attr.attnum = cons.conkey[1]
 AND cons.contype = 'p'
 AND dep.refobjid = '"reviews"'::regclass
[0m
  [1m[35m (0.6ms)[0m   SELECT distinct i.relname, d.indisunique, d.indkey, pg_get_indexdef(d.indexrelid), t.oid
 FROM pg_class t
 INNER JOIN pg_index d ON t.oid = d.indrelid
 INNER JOIN pg_class i ON d.indexrelid = i.oid
 WHERE i.relkind = 'i'
 AND d.indisprimary = 'f'
 AND t.relname = 'reviews'
 AND i.relnamespace IN (SELECT oid FROM pg_namespace WHERE nspname = ANY (current_schemas(false)) )
 ORDER BY i.relname

  [1m[36mPK and serial sequence (0.9ms)[0m  [1m SELECT attr.attname, seq.relname
 FROM pg_class seq,
 pg_attribute attr,
 pg_depend dep,
 pg_namespace name,
 pg_constraint cons
 WHERE seq.oid = dep.objid
 AND seq.relkind = 'S'
 AND attr.attrelid = dep.refobjid
 AND attr.attnum = dep.refobjsubid
 AND attr.attrelid = cons.conrelid
 AND attr.attnum = cons.conkey[1]
 AND cons.contype = 'p'
 AND dep.refobjid = '"score_types"'::regclass
[0m
  [1m[35m (0.6ms)[0m   SELECT distinct i.relname, d.indisunique, d.indkey, pg_get_indexdef(d.indexrelid), t.oid
 FROM pg_class t
 INNER JOIN pg_index d ON t.oid = d.indrelid
 INNER JOIN pg_class i ON d.indexrelid = i.oid
 WHERE i.relkind = 'i'
 AND d.indisprimary = 'f'
 AND t.relname = 'score_types'
 AND i.relnamespace IN (SELECT oid FROM pg_namespace WHERE nspname = ANY (current_schemas(false)) )
 ORDER BY i.relname

  [1m[36mPK and serial sequence (0.9ms)[0m  [1m SELECT attr.attname, seq.relname
 FROM pg_class seq,
 pg_attribute attr,
 pg_depend dep,
 pg_namespace name,
 pg_constraint cons
 WHERE seq.oid = dep.objid
 AND seq.relkind = 'S'
 AND attr.attrelid = dep.refobjid
 AND attr.attnum = dep.refobjsubid
 AND attr.attrelid = cons.conrelid
 AND attr.attnum = cons.conkey[1]
 AND cons.contype = 'p'
 AND dep.refobjid = '"scores"'::regclass
[0m
  [1m[35m (0.6ms)[0m   SELECT distinct i.relname, d.indisunique, d.indkey, pg_get_indexdef(d.indexrelid), t.oid
 FROM pg_class t
 INNER JOIN pg_index d ON t.oid = d.indrelid
 INNER JOIN pg_class i ON d.indexrelid = i.oid
 WHERE i.relkind = 'i'
 AND d.indisprimary = 'f'
 AND t.relname = 'scores'
 AND i.relnamespace IN (SELECT oid FROM pg_namespace WHERE nspname = ANY (current_schemas(false)) )
 ORDER BY i.relname

  [1m[36mPK and serial sequence (0.8ms)[0m  [1m SELECT attr.attname, seq.relname
 FROM pg_class seq,
 pg_attribute attr,
 pg_depend dep,
 pg_namespace name,
 pg_constraint cons
 WHERE seq.oid = dep.objid
 AND seq.relkind = 'S'
 AND attr.attrelid = dep.refobjid
 AND attr.attnum = dep.refobjsubid
 AND attr.attrelid = cons.conrelid
 AND attr.attnum = cons.conkey[1]
 AND cons.contype = 'p'
 AND dep.refobjid = '"venues"'::regclass
[0m
  [1m[35m (0.6ms)[0m   SELECT distinct i.relname, d.indisunique, d.indkey, pg_get_indexdef(d.indexrelid), t.oid
 FROM pg_class t
 INNER JOIN pg_index d ON t.oid = d.indrelid
 INNER JOIN pg_class i ON d.indexrelid = i.oid
 WHERE i.relkind = 'i'
 AND d.indisprimary = 'f'
 AND t.relname = 'venues'
 AND i.relnamespace IN (SELECT oid FROM pg_namespace WHERE nspname = ANY (current_schemas(false)) )
 ORDER BY i.relname

Connecting to database specified by database.yml
  [1m[36m (0.5ms)[0m  [1mSELECT "schema_migrations"."version" FROM "schema_migrations" [0m
Migrating to CreateBathrooms (20121006143622)
Migrating to CreateVenues (20121006143807)
Migrating to CreateScores (20121006143814)
Migrating to CreateScoreTypes (20121006143841)
Migrating to CreateBathroomTypes (20121006143905)
Migrating to CreateReviews (20121006143919)
  [1m[35m (0.5ms)[0m  SELECT "schema_migrations"."version" FROM "schema_migrations" 
  [1m[36mPK and serial sequence (2.0ms)[0m  [1m SELECT attr.attname, seq.relname
 FROM pg_class seq,
 pg_attribute attr,
 pg_depend dep,
 pg_namespace name,
 pg_constraint cons
 WHERE seq.oid = dep.objid
 AND seq.relkind = 'S'
 AND attr.attrelid = dep.refobjid
 AND attr.attnum = dep.refobjsubid
 AND attr.attrelid = cons.conrelid
 AND attr.attnum = cons.conkey[1]
 AND cons.contype = 'p'
 AND dep.refobjid = '"bathroom_types"'::regclass
[0m
  [1m[35m (1.7ms)[0m   SELECT distinct i.relname, d.indisunique, d.indkey, pg_get_indexdef(d.indexrelid), t.oid
 FROM pg_class t
 INNER JOIN pg_index d ON t.oid = d.indrelid
 INNER JOIN pg_class i ON d.indexrelid = i.oid
 WHERE i.relkind = 'i'
 AND d.indisprimary = 'f'
 AND t.relname = 'bathroom_types'
 AND i.relnamespace IN (SELECT oid FROM pg_namespace WHERE nspname = ANY (current_schemas(false)) )
 ORDER BY i.relname

  [1m[36mPK and serial sequence (0.9ms)[0m  [1m SELECT attr.attname, seq.relname
 FROM pg_class seq,
 pg_attribute attr,
 pg_depend dep,
 pg_namespace name,
 pg_constraint cons
 WHERE seq.oid = dep.objid
 AND seq.relkind = 'S'
 AND attr.attrelid = dep.refobjid
 AND attr.attnum = dep.refobjsubid
 AND attr.attrelid = cons.conrelid
 AND attr.attnum = cons.conkey[1]
 AND cons.contype = 'p'
 AND dep.refobjid = '"bathrooms"'::regclass
[0m
  [1m[35m (0.6ms)[0m   SELECT distinct i.relname, d.indisunique, d.indkey, pg_get_indexdef(d.indexrelid), t.oid
 FROM pg_class t
 INNER JOIN pg_index d ON t.oid = d.indrelid
 INNER JOIN pg_class i ON d.indexrelid = i.oid
 WHERE i.relkind = 'i'
 AND d.indisprimary = 'f'
 AND t.relname = 'bathrooms'
 AND i.relnamespace IN (SELECT oid FROM pg_namespace WHERE nspname = ANY (current_schemas(false)) )
 ORDER BY i.relname

  [1m[36mPK and serial sequence (0.9ms)[0m  [1m SELECT attr.attname, seq.relname
 FROM pg_class seq,
 pg_attribute attr,
 pg_depend dep,
 pg_namespace name,
 pg_constraint cons
 WHERE seq.oid = dep.objid
 AND seq.relkind = 'S'
 AND attr.attrelid = dep.refobjid
 AND attr.attnum = dep.refobjsubid
 AND attr.attrelid = cons.conrelid
 AND attr.attnum = cons.conkey[1]
 AND cons.contype = 'p'
 AND dep.refobjid = '"reviews"'::regclass
[0m
  [1m[35m (0.6ms)[0m   SELECT distinct i.relname, d.indisunique, d.indkey, pg_get_indexdef(d.indexrelid), t.oid
 FROM pg_class t
 INNER JOIN pg_index d ON t.oid = d.indrelid
 INNER JOIN pg_class i ON d.indexrelid = i.oid
 WHERE i.relkind = 'i'
 AND d.indisprimary = 'f'
 AND t.relname = 'reviews'
 AND i.relnamespace IN (SELECT oid FROM pg_namespace WHERE nspname = ANY (current_schemas(false)) )
 ORDER BY i.relname

  [1m[36mPK and serial sequence (0.9ms)[0m  [1m SELECT attr.attname, seq.relname
 FROM pg_class seq,
 pg_attribute attr,
 pg_depend dep,
 pg_namespace name,
 pg_constraint cons
 WHERE seq.oid = dep.objid
 AND seq.relkind = 'S'
 AND attr.attrelid = dep.refobjid
 AND attr.attnum = dep.refobjsubid
 AND attr.attrelid = cons.conrelid
 AND attr.attnum = cons.conkey[1]
 AND cons.contype = 'p'
 AND dep.refobjid = '"score_types"'::regclass
[0m
  [1m[35m (0.6ms)[0m   SELECT distinct i.relname, d.indisunique, d.indkey, pg_get_indexdef(d.indexrelid), t.oid
 FROM pg_class t
 INNER JOIN pg_index d ON t.oid = d.indrelid
 INNER JOIN pg_class i ON d.indexrelid = i.oid
 WHERE i.relkind = 'i'
 AND d.indisprimary = 'f'
 AND t.relname = 'score_types'
 AND i.relnamespace IN (SELECT oid FROM pg_namespace WHERE nspname = ANY (current_schemas(false)) )
 ORDER BY i.relname

  [1m[36mPK and serial sequence (0.9ms)[0m  [1m SELECT attr.attname, seq.relname
 FROM pg_class seq,
 pg_attribute attr,
 pg_depend dep,
 pg_namespace name,
 pg_constraint cons
 WHERE seq.oid = dep.objid
 AND seq.relkind = 'S'
 AND attr.attrelid = dep.refobjid
 AND attr.attnum = dep.refobjsubid
 AND attr.attrelid = cons.conrelid
 AND attr.attnum = cons.conkey[1]
 AND cons.contype = 'p'
 AND dep.refobjid = '"scores"'::regclass
[0m
  [1m[35m (0.6ms)[0m   SELECT distinct i.relname, d.indisunique, d.indkey, pg_get_indexdef(d.indexrelid), t.oid
 FROM pg_class t
 INNER JOIN pg_index d ON t.oid = d.indrelid
 INNER JOIN pg_class i ON d.indexrelid = i.oid
 WHERE i.relkind = 'i'
 AND d.indisprimary = 'f'
 AND t.relname = 'scores'
 AND i.relnamespace IN (SELECT oid FROM pg_namespace WHERE nspname = ANY (current_schemas(false)) )
 ORDER BY i.relname

  [1m[36mPK and serial sequence (0.9ms)[0m  [1m SELECT attr.attname, seq.relname
 FROM pg_class seq,
 pg_attribute attr,
 pg_depend dep,
 pg_namespace name,
 pg_constraint cons
 WHERE seq.oid = dep.objid
 AND seq.relkind = 'S'
 AND attr.attrelid = dep.refobjid
 AND attr.attnum = dep.refobjsubid
 AND attr.attrelid = cons.conrelid
 AND attr.attnum = cons.conkey[1]
 AND cons.contype = 'p'
 AND dep.refobjid = '"venues"'::regclass
[0m
  [1m[35m (0.6ms)[0m   SELECT distinct i.relname, d.indisunique, d.indkey, pg_get_indexdef(d.indexrelid), t.oid
 FROM pg_class t
 INNER JOIN pg_index d ON t.oid = d.indrelid
 INNER JOIN pg_class i ON d.indexrelid = i.oid
 WHERE i.relkind = 'i'
 AND d.indisprimary = 'f'
 AND t.relname = 'venues'
 AND i.relnamespace IN (SELECT oid FROM pg_namespace WHERE nspname = ANY (current_schemas(false)) )
 ORDER BY i.relname

Connecting to database specified by database.yml
  [1m[36m (0.4ms)[0m  [1mSELECT "schema_migrations"."version" FROM "schema_migrations" [0m
Migrating to CreateBathrooms (20121006143622)
Migrating to CreateVenues (20121006143807)
Migrating to CreateScores (20121006143814)
Migrating to CreateScoreTypes (20121006143841)
Migrating to CreateBathroomTypes (20121006143905)
Migrating to CreateReviews (20121006143919)
  [1m[35m (0.5ms)[0m  SELECT "schema_migrations"."version" FROM "schema_migrations" 
  [1m[36mPK and serial sequence (1.9ms)[0m  [1m SELECT attr.attname, seq.relname
 FROM pg_class seq,
 pg_attribute attr,
 pg_depend dep,
 pg_namespace name,
 pg_constraint cons
 WHERE seq.oid = dep.objid
 AND seq.relkind = 'S'
 AND attr.attrelid = dep.refobjid
 AND attr.attnum = dep.refobjsubid
 AND attr.attrelid = cons.conrelid
 AND attr.attnum = cons.conkey[1]
 AND cons.contype = 'p'
 AND dep.refobjid = '"bathroom_types"'::regclass
[0m
  [1m[35m (1.7ms)[0m   SELECT distinct i.relname, d.indisunique, d.indkey, pg_get_indexdef(d.indexrelid), t.oid
 FROM pg_class t
 INNER JOIN pg_index d ON t.oid = d.indrelid
 INNER JOIN pg_class i ON d.indexrelid = i.oid
 WHERE i.relkind = 'i'
 AND d.indisprimary = 'f'
 AND t.relname = 'bathroom_types'
 AND i.relnamespace IN (SELECT oid FROM pg_namespace WHERE nspname = ANY (current_schemas(false)) )
 ORDER BY i.relname

  [1m[36mPK and serial sequence (1.1ms)[0m  [1m SELECT attr.attname, seq.relname
 FROM pg_class seq,
 pg_attribute attr,
 pg_depend dep,
 pg_namespace name,
 pg_constraint cons
 WHERE seq.oid = dep.objid
 AND seq.relkind = 'S'
 AND attr.attrelid = dep.refobjid
 AND attr.attnum = dep.refobjsubid
 AND attr.attrelid = cons.conrelid
 AND attr.attnum = cons.conkey[1]
 AND cons.contype = 'p'
 AND dep.refobjid = '"bathrooms"'::regclass
[0m
  [1m[35m (0.8ms)[0m   SELECT distinct i.relname, d.indisunique, d.indkey, pg_get_indexdef(d.indexrelid), t.oid
 FROM pg_class t
 INNER JOIN pg_index d ON t.oid = d.indrelid
 INNER JOIN pg_class i ON d.indexrelid = i.oid
 WHERE i.relkind = 'i'
 AND d.indisprimary = 'f'
 AND t.relname = 'bathrooms'
 AND i.relnamespace IN (SELECT oid FROM pg_namespace WHERE nspname = ANY (current_schemas(false)) )
 ORDER BY i.relname

  [1m[36mPK and serial sequence (0.9ms)[0m  [1m SELECT attr.attname, seq.relname
 FROM pg_class seq,
 pg_attribute attr,
 pg_depend dep,
 pg_namespace name,
 pg_constraint cons
 WHERE seq.oid = dep.objid
 AND seq.relkind = 'S'
 AND attr.attrelid = dep.refobjid
 AND attr.attnum = dep.refobjsubid
 AND attr.attrelid = cons.conrelid
 AND attr.attnum = cons.conkey[1]
 AND cons.contype = 'p'
 AND dep.refobjid = '"reviews"'::regclass
[0m
  [1m[35m (0.7ms)[0m   SELECT distinct i.relname, d.indisunique, d.indkey, pg_get_indexdef(d.indexrelid), t.oid
 FROM pg_class t
 INNER JOIN pg_index d ON t.oid = d.indrelid
 INNER JOIN pg_class i ON d.indexrelid = i.oid
 WHERE i.relkind = 'i'
 AND d.indisprimary = 'f'
 AND t.relname = 'reviews'
 AND i.relnamespace IN (SELECT oid FROM pg_namespace WHERE nspname = ANY (current_schemas(false)) )
 ORDER BY i.relname

  [1m[36mPK and serial sequence (0.9ms)[0m  [1m SELECT attr.attname, seq.relname
 FROM pg_class seq,
 pg_attribute attr,
 pg_depend dep,
 pg_namespace name,
 pg_constraint cons
 WHERE seq.oid = dep.objid
 AND seq.relkind = 'S'
 AND attr.attrelid = dep.refobjid
 AND attr.attnum = dep.refobjsubid
 AND attr.attrelid = cons.conrelid
 AND attr.attnum = cons.conkey[1]
 AND cons.contype = 'p'
 AND dep.refobjid = '"score_types"'::regclass
[0m
  [1m[35m (0.6ms)[0m   SELECT distinct i.relname, d.indisunique, d.indkey, pg_get_indexdef(d.indexrelid), t.oid
 FROM pg_class t
 INNER JOIN pg_index d ON t.oid = d.indrelid
 INNER JOIN pg_class i ON d.indexrelid = i.oid
 WHERE i.relkind = 'i'
 AND d.indisprimary = 'f'
 AND t.relname = 'score_types'
 AND i.relnamespace IN (SELECT oid FROM pg_namespace WHERE nspname = ANY (current_schemas(false)) )
 ORDER BY i.relname

  [1m[36mPK and serial sequence (0.9ms)[0m  [1m SELECT attr.attname, seq.relname
 FROM pg_class seq,
 pg_attribute attr,
 pg_depend dep,
 pg_namespace name,
 pg_constraint cons
 WHERE seq.oid = dep.objid
 AND seq.relkind = 'S'
 AND attr.attrelid = dep.refobjid
 AND attr.attnum = dep.refobjsubid
 AND attr.attrelid = cons.conrelid
 AND attr.attnum = cons.conkey[1]
 AND cons.contype = 'p'
 AND dep.refobjid = '"scores"'::regclass
[0m
  [1m[35m (0.6ms)[0m   SELECT distinct i.relname, d.indisunique, d.indkey, pg_get_indexdef(d.indexrelid), t.oid
 FROM pg_class t
 INNER JOIN pg_index d ON t.oid = d.indrelid
 INNER JOIN pg_class i ON d.indexrelid = i.oid
 WHERE i.relkind = 'i'
 AND d.indisprimary = 'f'
 AND t.relname = 'scores'
 AND i.relnamespace IN (SELECT oid FROM pg_namespace WHERE nspname = ANY (current_schemas(false)) )
 ORDER BY i.relname

  [1m[36mPK and serial sequence (0.9ms)[0m  [1m SELECT attr.attname, seq.relname
 FROM pg_class seq,
 pg_attribute attr,
 pg_depend dep,
 pg_namespace name,
 pg_constraint cons
 WHERE seq.oid = dep.objid
 AND seq.relkind = 'S'
 AND attr.attrelid = dep.refobjid
 AND attr.attnum = dep.refobjsubid
 AND attr.attrelid = cons.conrelid
 AND attr.attnum = cons.conkey[1]
 AND cons.contype = 'p'
 AND dep.refobjid = '"venues"'::regclass
[0m
  [1m[35m (0.7ms)[0m   SELECT distinct i.relname, d.indisunique, d.indkey, pg_get_indexdef(d.indexrelid), t.oid
 FROM pg_class t
 INNER JOIN pg_index d ON t.oid = d.indrelid
 INNER JOIN pg_class i ON d.indexrelid = i.oid
 WHERE i.relkind = 'i'
 AND d.indisprimary = 'f'
 AND t.relname = 'venues'
 AND i.relnamespace IN (SELECT oid FROM pg_namespace WHERE nspname = ANY (current_schemas(false)) )
 ORDER BY i.relname

Connecting to database specified by database.yml
  [1m[36m (0.5ms)[0m  [1mSELECT "schema_migrations"."version" FROM "schema_migrations" [0m
Migrating to CreateBathrooms (20121006143622)
Migrating to CreateVenues (20121006143807)
Migrating to CreateScores (20121006143814)
Migrating to CreateScoreTypes (20121006143841)
Migrating to CreateBathroomTypes (20121006143905)
Migrating to CreateReviews (20121006143919)
  [1m[35m (0.5ms)[0m  SELECT "schema_migrations"."version" FROM "schema_migrations" 
  [1m[36mPK and serial sequence (1.8ms)[0m  [1m SELECT attr.attname, seq.relname
 FROM pg_class seq,
 pg_attribute attr,
 pg_depend dep,
 pg_namespace name,
 pg_constraint cons
 WHERE seq.oid = dep.objid
 AND seq.relkind = 'S'
 AND attr.attrelid = dep.refobjid
 AND attr.attnum = dep.refobjsubid
 AND attr.attrelid = cons.conrelid
 AND attr.attnum = cons.conkey[1]
 AND cons.contype = 'p'
 AND dep.refobjid = '"bathroom_types"'::regclass
[0m
  [1m[35m (1.6ms)[0m   SELECT distinct i.relname, d.indisunique, d.indkey, pg_get_indexdef(d.indexrelid), t.oid
 FROM pg_class t
 INNER JOIN pg_index d ON t.oid = d.indrelid
 INNER JOIN pg_class i ON d.indexrelid = i.oid
 WHERE i.relkind = 'i'
 AND d.indisprimary = 'f'
 AND t.relname = 'bathroom_types'
 AND i.relnamespace IN (SELECT oid FROM pg_namespace WHERE nspname = ANY (current_schemas(false)) )
 ORDER BY i.relname

  [1m[36mPK and serial sequence (1.1ms)[0m  [1m SELECT attr.attname, seq.relname
 FROM pg_class seq,
 pg_attribute attr,
 pg_depend dep,
 pg_namespace name,
 pg_constraint cons
 WHERE seq.oid = dep.objid
 AND seq.relkind = 'S'
 AND attr.attrelid = dep.refobjid
 AND attr.attnum = dep.refobjsubid
 AND attr.attrelid = cons.conrelid
 AND attr.attnum = cons.conkey[1]
 AND cons.contype = 'p'
 AND dep.refobjid = '"bathrooms"'::regclass
[0m
  [1m[35m (0.9ms)[0m   SELECT distinct i.relname, d.indisunique, d.indkey, pg_get_indexdef(d.indexrelid), t.oid
 FROM pg_class t
 INNER JOIN pg_index d ON t.oid = d.indrelid
 INNER JOIN pg_class i ON d.indexrelid = i.oid
 WHERE i.relkind = 'i'
 AND d.indisprimary = 'f'
 AND t.relname = 'bathrooms'
 AND i.relnamespace IN (SELECT oid FROM pg_namespace WHERE nspname = ANY (current_schemas(false)) )
 ORDER BY i.relname

  [1m[36mPK and serial sequence (0.9ms)[0m  [1m SELECT attr.attname, seq.relname
 FROM pg_class seq,
 pg_attribute attr,
 pg_depend dep,
 pg_namespace name,
 pg_constraint cons
 WHERE seq.oid = dep.objid
 AND seq.relkind = 'S'
 AND attr.attrelid = dep.refobjid
 AND attr.attnum = dep.refobjsubid
 AND attr.attrelid = cons.conrelid
 AND attr.attnum = cons.conkey[1]
 AND cons.contype = 'p'
 AND dep.refobjid = '"reviews"'::regclass
[0m
  [1m[35m (0.6ms)[0m   SELECT distinct i.relname, d.indisunique, d.indkey, pg_get_indexdef(d.indexrelid), t.oid
 FROM pg_class t
 INNER JOIN pg_index d ON t.oid = d.indrelid
 INNER JOIN pg_class i ON d.indexrelid = i.oid
 WHERE i.relkind = 'i'
 AND d.indisprimary = 'f'
 AND t.relname = 'reviews'
 AND i.relnamespace IN (SELECT oid FROM pg_namespace WHERE nspname = ANY (current_schemas(false)) )
 ORDER BY i.relname

  [1m[36mPK and serial sequence (0.8ms)[0m  [1m SELECT attr.attname, seq.relname
 FROM pg_class seq,
 pg_attribute attr,
 pg_depend dep,
 pg_namespace name,
 pg_constraint cons
 WHERE seq.oid = dep.objid
 AND seq.relkind = 'S'
 AND attr.attrelid = dep.refobjid
 AND attr.attnum = dep.refobjsubid
 AND attr.attrelid = cons.conrelid
 AND attr.attnum = cons.conkey[1]
 AND cons.contype = 'p'
 AND dep.refobjid = '"score_types"'::regclass
[0m
  [1m[35m (0.5ms)[0m   SELECT distinct i.relname, d.indisunique, d.indkey, pg_get_indexdef(d.indexrelid), t.oid
 FROM pg_class t
 INNER JOIN pg_index d ON t.oid = d.indrelid
 INNER JOIN pg_class i ON d.indexrelid = i.oid
 WHERE i.relkind = 'i'
 AND d.indisprimary = 'f'
 AND t.relname = 'score_types'
 AND i.relnamespace IN (SELECT oid FROM pg_namespace WHERE nspname = ANY (current_schemas(false)) )
 ORDER BY i.relname

  [1m[36mPK and serial sequence (0.9ms)[0m  [1m SELECT attr.attname, seq.relname
 FROM pg_class seq,
 pg_attribute attr,
 pg_depend dep,
 pg_namespace name,
 pg_constraint cons
 WHERE seq.oid = dep.objid
 AND seq.relkind = 'S'
 AND attr.attrelid = dep.refobjid
 AND attr.attnum = dep.refobjsubid
 AND attr.attrelid = cons.conrelid
 AND attr.attnum = cons.conkey[1]
 AND cons.contype = 'p'
 AND dep.refobjid = '"scores"'::regclass
[0m
  [1m[35m (0.7ms)[0m   SELECT distinct i.relname, d.indisunique, d.indkey, pg_get_indexdef(d.indexrelid), t.oid
 FROM pg_class t
 INNER JOIN pg_index d ON t.oid = d.indrelid
 INNER JOIN pg_class i ON d.indexrelid = i.oid
 WHERE i.relkind = 'i'
 AND d.indisprimary = 'f'
 AND t.relname = 'scores'
 AND i.relnamespace IN (SELECT oid FROM pg_namespace WHERE nspname = ANY (current_schemas(false)) )
 ORDER BY i.relname

  [1m[36mPK and serial sequence (0.9ms)[0m  [1m SELECT attr.attname, seq.relname
 FROM pg_class seq,
 pg_attribute attr,
 pg_depend dep,
 pg_namespace name,
 pg_constraint cons
 WHERE seq.oid = dep.objid
 AND seq.relkind = 'S'
 AND attr.attrelid = dep.refobjid
 AND attr.attnum = dep.refobjsubid
 AND attr.attrelid = cons.conrelid
 AND attr.attnum = cons.conkey[1]
 AND cons.contype = 'p'
 AND dep.refobjid = '"venues"'::regclass
[0m
  [1m[35m (0.6ms)[0m   SELECT distinct i.relname, d.indisunique, d.indkey, pg_get_indexdef(d.indexrelid), t.oid
 FROM pg_class t
 INNER JOIN pg_index d ON t.oid = d.indrelid
 INNER JOIN pg_class i ON d.indexrelid = i.oid
 WHERE i.relkind = 'i'
 AND d.indisprimary = 'f'
 AND t.relname = 'venues'
 AND i.relnamespace IN (SELECT oid FROM pg_namespace WHERE nspname = ANY (current_schemas(false)) )
 ORDER BY i.relname

Connecting to database specified by database.yml
  [1m[36m (276.0ms)[0m  [1mDROP DATABASE IF EXISTS "crappy-api_development"[0m
  [1m[35m (112.9ms)[0m  DROP DATABASE IF EXISTS "crappy-api_test"
  [1m[36m (1447.5ms)[0m  [1mCREATE DATABASE "crappy-api_development" ENCODING = 'unicode'[0m
  [1m[35m (275.8ms)[0m  CREATE DATABASE "crappy-api_test" ENCODING = 'unicode'
  [1m[36m (7.7ms)[0m  [1mCREATE TABLE "bathroom_types" ("id" serial primary key, "created_at" timestamp NOT NULL, "updated_at" timestamp NOT NULL) [0m
  [1m[35m (3.0ms)[0m  CREATE TABLE "bathrooms" ("id" serial primary key, "created_at" timestamp NOT NULL, "updated_at" timestamp NOT NULL) 
  [1m[36m (2.6ms)[0m  [1mCREATE TABLE "reviews" ("id" serial primary key, "created_at" timestamp NOT NULL, "updated_at" timestamp NOT NULL) [0m
  [1m[35m (2.3ms)[0m  CREATE TABLE "score_types" ("id" serial primary key, "created_at" timestamp NOT NULL, "updated_at" timestamp NOT NULL) 
  [1m[36m (2.7ms)[0m  [1mCREATE TABLE "scores" ("id" serial primary key, "created_at" timestamp NOT NULL, "updated_at" timestamp NOT NULL) [0m
  [1m[35m (3.6ms)[0m  CREATE TABLE "venues" ("id" serial primary key, "name" character varying(255), "neighborhood" character varying(255), "address" character varying(255), "city" character varying(255), "state" character varying(255), "zip" character varying(255), "created_at" timestamp NOT NULL, "updated_at" timestamp NOT NULL) 
  [1m[36m (0.9ms)[0m  [1mCREATE TABLE "schema_migrations" ("version" character varying(255) NOT NULL) [0m
  [1m[35m (2.3ms)[0m   SELECT distinct i.relname, d.indisunique, d.indkey, pg_get_indexdef(d.indexrelid), t.oid
 FROM pg_class t
 INNER JOIN pg_index d ON t.oid = d.indrelid
 INNER JOIN pg_class i ON d.indexrelid = i.oid
 WHERE i.relkind = 'i'
 AND d.indisprimary = 'f'
 AND t.relname = 'schema_migrations'
 AND i.relnamespace IN (SELECT oid FROM pg_namespace WHERE nspname = ANY (current_schemas(false)) )
 ORDER BY i.relname

  [1m[36m (1.3ms)[0m  [1mCREATE UNIQUE INDEX "unique_schema_migrations" ON "schema_migrations" ("version")[0m
  [1m[35m (0.2ms)[0m  SELECT version FROM "schema_migrations"
  [1m[36m (0.5ms)[0m  [1mINSERT INTO "schema_migrations" (version) VALUES ('20121006143919')[0m
  [1m[35m (0.4ms)[0m  INSERT INTO "schema_migrations" (version) VALUES ('20121006143622')
  [1m[36m (0.4ms)[0m  [1mINSERT INTO "schema_migrations" (version) VALUES ('20121006143807')[0m
  [1m[35m (0.4ms)[0m  INSERT INTO "schema_migrations" (version) VALUES ('20121006143814')
  [1m[36m (0.3ms)[0m  [1mINSERT INTO "schema_migrations" (version) VALUES ('20121006143841')[0m
  [1m[35m (0.3ms)[0m  INSERT INTO "schema_migrations" (version) VALUES ('20121006143905')
  [1m[36m (0.4ms)[0m  [1mSELECT "schema_migrations"."version" FROM "schema_migrations" [0m
Connecting to database specified by database.yml
Connecting to database specified by database.yml
Connecting to database specified by database.yml
Connecting to database specified by database.yml
Connecting to database specified by database.yml
Connecting to database specified by database.yml
Connecting to database specified by database.yml
  [1m[36m (0.5ms)[0m  [1mSELECT "schema_migrations"."version" FROM "schema_migrations" [0m
Migrating to CreateVenues (20121006154600)
  [1m[35m (0.3ms)[0m  BEGIN
  [1m[36m (4.7ms)[0m  [1mCREATE TABLE "venues" ("id" serial primary key, "name" character varying(255), "address" character varying(255), "city" character varying(255), "state" character varying(255), "zip" character varying(255), "created_at" timestamp NOT NULL, "updated_at" timestamp NOT NULL) [0m
PG::Error: ERROR:  relation "venues" already exists
: CREATE TABLE "venues" ("id" serial primary key, "name" character varying(255), "address" character varying(255), "city" character varying(255), "state" character varying(255), "zip" character varying(255), "created_at" timestamp NOT NULL, "updated_at" timestamp NOT NULL) 
  [1m[35m (0.2ms)[0m  ROLLBACK
Connecting to database specified by database.yml
  [1m[36m (4.6ms)[0m  [1mCREATE TABLE "schema_migrations" ("version" character varying(255) NOT NULL) [0m
  [1m[35m (2.1ms)[0m   SELECT distinct i.relname, d.indisunique, d.indkey, pg_get_indexdef(d.indexrelid), t.oid
 FROM pg_class t
 INNER JOIN pg_index d ON t.oid = d.indrelid
 INNER JOIN pg_class i ON d.indexrelid = i.oid
 WHERE i.relkind = 'i'
 AND d.indisprimary = 'f'
 AND t.relname = 'schema_migrations'
 AND i.relnamespace IN (SELECT oid FROM pg_namespace WHERE nspname = ANY (current_schemas(false)) )
 ORDER BY i.relname

  [1m[36m (2.0ms)[0m  [1mCREATE UNIQUE INDEX "unique_schema_migrations" ON "schema_migrations" ("version")[0m
  [1m[35m (0.4ms)[0m  SELECT "schema_migrations"."version" FROM "schema_migrations" 
Migrating to CreateVenues (20121006154600)
  [1m[36m (0.2ms)[0m  [1mBEGIN[0m
  [1m[35m (3.7ms)[0m  CREATE TABLE "venues" ("id" serial primary key, "name" character varying(255), "address" character varying(255), "city" character varying(255), "state" character varying(255), "zip" character varying(255), "created_at" timestamp NOT NULL, "updated_at" timestamp NOT NULL) 
  [1m[36m (0.4ms)[0m  [1mINSERT INTO "schema_migrations" ("version") VALUES ('20121006154600')[0m
  [1m[35m (0.8ms)[0m  COMMIT
Migrating to CreateBathroomTypes (20121006154759)
  [1m[36m (0.2ms)[0m  [1mBEGIN[0m
  [1m[35m (2.4ms)[0m  CREATE TABLE "bathroom_types" ("id" serial primary key, "type" character varying(255), "created_at" timestamp NOT NULL, "updated_at" timestamp NOT NULL) 
  [1m[36m (0.3ms)[0m  [1mINSERT INTO "schema_migrations" ("version") VALUES ('20121006154759')[0m
  [1m[35m (1.4ms)[0m  COMMIT
Migrating to CreateScoreTypes (20121006154815)
  [1m[36m (0.1ms)[0m  [1mBEGIN[0m
  [1m[35m (2.1ms)[0m  CREATE TABLE "score_types" ("id" serial primary key, "type" character varying(255), "created_at" timestamp NOT NULL, "updated_at" timestamp NOT NULL) 
  [1m[36m (0.2ms)[0m  [1mINSERT INTO "schema_migrations" ("version") VALUES ('20121006154815')[0m
  [1m[35m (0.6ms)[0m  COMMIT
Migrating to CreateBathrooms (20121006154945)
  [1m[36m (0.1ms)[0m  [1mBEGIN[0m
  [1m[35m (2.3ms)[0m  CREATE TABLE "bathrooms" ("id" serial primary key, "isHandicapAccessible" boolean, "isPublic" boolean, "isFamily" boolean, "isGreen" boolean, "isUnisex" boolean, "isHandsFree" boolean, "hasProductDispenser" boolean, "hasAttendent" boolean, "hasSignage" boolean, "hasWifi" boolean, "venue_id" integer, "BathroomType_id" integer, "created_at" timestamp NOT NULL, "updated_at" timestamp NOT NULL) 
  [1m[36m (0.8ms)[0m  [1m SELECT distinct i.relname, d.indisunique, d.indkey, pg_get_indexdef(d.indexrelid), t.oid
 FROM pg_class t
 INNER JOIN pg_index d ON t.oid = d.indrelid
 INNER JOIN pg_class i ON d.indexrelid = i.oid
 WHERE i.relkind = 'i'
 AND d.indisprimary = 'f'
 AND t.relname = 'bathrooms'
 AND i.relnamespace IN (SELECT oid FROM pg_namespace WHERE nspname = ANY (current_schemas(false)) )
 ORDER BY i.relname
[0m
  [1m[35m (0.8ms)[0m  CREATE INDEX "index_bathrooms_on_venue_id" ON "bathrooms" ("venue_id")
  [1m[36m (0.9ms)[0m  [1m SELECT distinct i.relname, d.indisunique, d.indkey, pg_get_indexdef(d.indexrelid), t.oid
 FROM pg_class t
 INNER JOIN pg_index d ON t.oid = d.indrelid
 INNER JOIN pg_class i ON d.indexrelid = i.oid
 WHERE i.relkind = 'i'
 AND d.indisprimary = 'f'
 AND t.relname = 'bathrooms'
 AND i.relnamespace IN (SELECT oid FROM pg_namespace WHERE nspname = ANY (current_schemas(false)) )
 ORDER BY i.relname
[0m
  [1m[35mColumns for index index_bathrooms_on_venue_id on bathrooms (0.3ms)[0m   SELECT a.attnum, a.attname
 FROM pg_attribute a
 WHERE a.attrelid = 18355
 AND a.attnum IN (12)

  [1m[36m (0.6ms)[0m  [1mCREATE INDEX "index_bathrooms_on_BathroomType_id" ON "bathrooms" ("BathroomType_id")[0m
  [1m[35m (0.1ms)[0m  INSERT INTO "schema_migrations" ("version") VALUES ('20121006154945')
  [1m[36m (1.0ms)[0m  [1mCOMMIT[0m
Migrating to CreateReviews (20121006155036)
  [1m[35m (0.1ms)[0m  BEGIN
  [1m[36m (3.2ms)[0m  [1mCREATE TABLE "reviews" ("id" serial primary key, "reviewText" text, "bathroom_id" integer, "created_at" timestamp NOT NULL, "updated_at" timestamp NOT NULL) [0m
  [1m[35m (0.8ms)[0m   SELECT distinct i.relname, d.indisunique, d.indkey, pg_get_indexdef(d.indexrelid), t.oid
 FROM pg_class t
 INNER JOIN pg_index d ON t.oid = d.indrelid
 INNER JOIN pg_class i ON d.indexrelid = i.oid
 WHERE i.relkind = 'i'
 AND d.indisprimary = 'f'
 AND t.relname = 'reviews'
 AND i.relnamespace IN (SELECT oid FROM pg_namespace WHERE nspname = ANY (current_schemas(false)) )
 ORDER BY i.relname

  [1m[36m (0.8ms)[0m  [1mCREATE INDEX "index_reviews_on_bathroom_id" ON "reviews" ("bathroom_id")[0m
  [1m[35m (0.2ms)[0m  INSERT INTO "schema_migrations" ("version") VALUES ('20121006155036')
  [1m[36m (0.6ms)[0m  [1mCOMMIT[0m
Migrating to CreateScores (20121006155102)
  [1m[35m (0.2ms)[0m  BEGIN
  [1m[36m (2.8ms)[0m  [1mCREATE TABLE "scores" ("id" serial primary key, "value" integer, "bathroom_id" integer, "ScoreType_id" integer, "created_at" timestamp NOT NULL, "updated_at" timestamp NOT NULL) [0m
  [1m[35m (1.1ms)[0m   SELECT distinct i.relname, d.indisunique, d.indkey, pg_get_indexdef(d.indexrelid), t.oid
 FROM pg_class t
 INNER JOIN pg_index d ON t.oid = d.indrelid
 INNER JOIN pg_class i ON d.indexrelid = i.oid
 WHERE i.relkind = 'i'
 AND d.indisprimary = 'f'
 AND t.relname = 'scores'
 AND i.relnamespace IN (SELECT oid FROM pg_namespace WHERE nspname = ANY (current_schemas(false)) )
 ORDER BY i.relname

  [1m[36m (1.4ms)[0m  [1mCREATE INDEX "index_scores_on_bathroom_id" ON "scores" ("bathroom_id")[0m
  [1m[35m (0.7ms)[0m   SELECT distinct i.relname, d.indisunique, d.indkey, pg_get_indexdef(d.indexrelid), t.oid
 FROM pg_class t
 INNER JOIN pg_index d ON t.oid = d.indrelid
 INNER JOIN pg_class i ON d.indexrelid = i.oid
 WHERE i.relkind = 'i'
 AND d.indisprimary = 'f'
 AND t.relname = 'scores'
 AND i.relnamespace IN (SELECT oid FROM pg_namespace WHERE nspname = ANY (current_schemas(false)) )
 ORDER BY i.relname

  [1m[36mColumns for index index_scores_on_bathroom_id on scores (0.3ms)[0m  [1m SELECT a.attnum, a.attname
 FROM pg_attribute a
 WHERE a.attrelid = 18377
 AND a.attnum IN (3)
[0m
  [1m[35m (0.7ms)[0m  CREATE INDEX "index_scores_on_ScoreType_id" ON "scores" ("ScoreType_id")
  [1m[36m (0.1ms)[0m  [1mINSERT INTO "schema_migrations" ("version") VALUES ('20121006155102')[0m
  [1m[35m (0.7ms)[0m  COMMIT
  [1m[36m (0.3ms)[0m  [1mSELECT "schema_migrations"."version" FROM "schema_migrations" [0m
  [1m[35mPK and serial sequence (1.9ms)[0m   SELECT attr.attname, seq.relname
 FROM pg_class seq,
 pg_attribute attr,
 pg_depend dep,
 pg_namespace name,
 pg_constraint cons
 WHERE seq.oid = dep.objid
 AND seq.relkind = 'S'
 AND attr.attrelid = dep.refobjid
 AND attr.attnum = dep.refobjsubid
 AND attr.attrelid = cons.conrelid
 AND attr.attnum = cons.conkey[1]
 AND cons.contype = 'p'
 AND dep.refobjid = '"bathroom_types"'::regclass

  [1m[36m (1.7ms)[0m  [1m SELECT distinct i.relname, d.indisunique, d.indkey, pg_get_indexdef(d.indexrelid), t.oid
 FROM pg_class t
 INNER JOIN pg_index d ON t.oid = d.indrelid
 INNER JOIN pg_class i ON d.indexrelid = i.oid
 WHERE i.relkind = 'i'
 AND d.indisprimary = 'f'
 AND t.relname = 'bathroom_types'
 AND i.relnamespace IN (SELECT oid FROM pg_namespace WHERE nspname = ANY (current_schemas(false)) )
 ORDER BY i.relname
[0m
  [1m[35mPK and serial sequence (1.0ms)[0m   SELECT attr.attname, seq.relname
 FROM pg_class seq,
 pg_attribute attr,
 pg_depend dep,
 pg_namespace name,
 pg_constraint cons
 WHERE seq.oid = dep.objid
 AND seq.relkind = 'S'
 AND attr.attrelid = dep.refobjid
 AND attr.attnum = dep.refobjsubid
 AND attr.attrelid = cons.conrelid
 AND attr.attnum = cons.conkey[1]
 AND cons.contype = 'p'
 AND dep.refobjid = '"bathrooms"'::regclass

  [1m[36m (1.1ms)[0m  [1m SELECT distinct i.relname, d.indisunique, d.indkey, pg_get_indexdef(d.indexrelid), t.oid
 FROM pg_class t
 INNER JOIN pg_index d ON t.oid = d.indrelid
 INNER JOIN pg_class i ON d.indexrelid = i.oid
 WHERE i.relkind = 'i'
 AND d.indisprimary = 'f'
 AND t.relname = 'bathrooms'
 AND i.relnamespace IN (SELECT oid FROM pg_namespace WHERE nspname = ANY (current_schemas(false)) )
 ORDER BY i.relname
[0m
  [1m[35mColumns for index index_bathrooms_on_BathroomType_id on bathrooms (0.5ms)[0m   SELECT a.attnum, a.attname
 FROM pg_attribute a
 WHERE a.attrelid = 18355
 AND a.attnum IN (13)

  [1m[36mColumns for index index_bathrooms_on_venue_id on bathrooms (0.4ms)[0m  [1m SELECT a.attnum, a.attname
 FROM pg_attribute a
 WHERE a.attrelid = 18355
 AND a.attnum IN (12)
[0m
  [1m[35mPK and serial sequence (1.9ms)[0m   SELECT attr.attname, seq.relname
 FROM pg_class seq,
 pg_attribute attr,
 pg_depend dep,
 pg_namespace name,
 pg_constraint cons
 WHERE seq.oid = dep.objid
 AND seq.relkind = 'S'
 AND attr.attrelid = dep.refobjid
 AND attr.attnum = dep.refobjsubid
 AND attr.attrelid = cons.conrelid
 AND attr.attnum = cons.conkey[1]
 AND cons.contype = 'p'
 AND dep.refobjid = '"reviews"'::regclass

  [1m[36m (1.3ms)[0m  [1m SELECT distinct i.relname, d.indisunique, d.indkey, pg_get_indexdef(d.indexrelid), t.oid
 FROM pg_class t
 INNER JOIN pg_index d ON t.oid = d.indrelid
 INNER JOIN pg_class i ON d.indexrelid = i.oid
 WHERE i.relkind = 'i'
 AND d.indisprimary = 'f'
 AND t.relname = 'reviews'
 AND i.relnamespace IN (SELECT oid FROM pg_namespace WHERE nspname = ANY (current_schemas(false)) )
 ORDER BY i.relname
[0m
  [1m[35mColumns for index index_reviews_on_bathroom_id on reviews (0.5ms)[0m   SELECT a.attnum, a.attname
 FROM pg_attribute a
 WHERE a.attrelid = 18365
 AND a.attnum IN (3)

  [1m[36mPK and serial sequence (1.4ms)[0m  [1m SELECT attr.attname, seq.relname
 FROM pg_class seq,
 pg_attribute attr,
 pg_depend dep,
 pg_namespace name,
 pg_constraint cons
 WHERE seq.oid = dep.objid
 AND seq.relkind = 'S'
 AND attr.attrelid = dep.refobjid
 AND attr.attnum = dep.refobjsubid
 AND attr.attrelid = cons.conrelid
 AND attr.attnum = cons.conkey[1]
 AND cons.contype = 'p'
 AND dep.refobjid = '"score_types"'::regclass
[0m
  [1m[35m (1.0ms)[0m   SELECT distinct i.relname, d.indisunique, d.indkey, pg_get_indexdef(d.indexrelid), t.oid
 FROM pg_class t
 INNER JOIN pg_index d ON t.oid = d.indrelid
 INNER JOIN pg_class i ON d.indexrelid = i.oid
 WHERE i.relkind = 'i'
 AND d.indisprimary = 'f'
 AND t.relname = 'score_types'
 AND i.relnamespace IN (SELECT oid FROM pg_namespace WHERE nspname = ANY (current_schemas(false)) )
 ORDER BY i.relname

  [1m[36mPK and serial sequence (1.3ms)[0m  [1m SELECT attr.attname, seq.relname
 FROM pg_class seq,
 pg_attribute attr,
 pg_depend dep,
 pg_namespace name,
 pg_constraint cons
 WHERE seq.oid = dep.objid
 AND seq.relkind = 'S'
 AND attr.attrelid = dep.refobjid
 AND attr.attnum = dep.refobjsubid
 AND attr.attrelid = cons.conrelid
 AND attr.attnum = cons.conkey[1]
 AND cons.contype = 'p'
 AND dep.refobjid = '"scores"'::regclass
[0m
  [1m[35m (1.1ms)[0m   SELECT distinct i.relname, d.indisunique, d.indkey, pg_get_indexdef(d.indexrelid), t.oid
 FROM pg_class t
 INNER JOIN pg_index d ON t.oid = d.indrelid
 INNER JOIN pg_class i ON d.indexrelid = i.oid
 WHERE i.relkind = 'i'
 AND d.indisprimary = 'f'
 AND t.relname = 'scores'
 AND i.relnamespace IN (SELECT oid FROM pg_namespace WHERE nspname = ANY (current_schemas(false)) )
 ORDER BY i.relname

  [1m[36mColumns for index index_scores_on_ScoreType_id on scores (0.4ms)[0m  [1m SELECT a.attnum, a.attname
 FROM pg_attribute a
 WHERE a.attrelid = 18377
 AND a.attnum IN (4)
[0m
  [1m[35mColumns for index index_scores_on_bathroom_id on scores (0.4ms)[0m   SELECT a.attnum, a.attname
 FROM pg_attribute a
 WHERE a.attrelid = 18377
 AND a.attnum IN (3)

  [1m[36mPK and serial sequence (1.2ms)[0m  [1m SELECT attr.attname, seq.relname
 FROM pg_class seq,
 pg_attribute attr,
 pg_depend dep,
 pg_namespace name,
 pg_constraint cons
 WHERE seq.oid = dep.objid
 AND seq.relkind = 'S'
 AND attr.attrelid = dep.refobjid
 AND attr.attnum = dep.refobjsubid
 AND attr.attrelid = cons.conrelid
 AND attr.attnum = cons.conkey[1]
 AND cons.contype = 'p'
 AND dep.refobjid = '"venues"'::regclass
[0m
  [1m[35m (0.9ms)[0m   SELECT distinct i.relname, d.indisunique, d.indkey, pg_get_indexdef(d.indexrelid), t.oid
 FROM pg_class t
 INNER JOIN pg_index d ON t.oid = d.indrelid
 INNER JOIN pg_class i ON d.indexrelid = i.oid
 WHERE i.relkind = 'i'
 AND d.indisprimary = 'f'
 AND t.relname = 'venues'
 AND i.relnamespace IN (SELECT oid FROM pg_namespace WHERE nspname = ANY (current_schemas(false)) )
 ORDER BY i.relname

Connecting to database specified by database.yml
  [1m[36m (115.4ms)[0m  [1mDROP DATABASE IF EXISTS "crappy_development"[0m
  [1m[35m (113.8ms)[0m  DROP DATABASE IF EXISTS "crappy_test"
  [1m[36m (349.5ms)[0m  [1mCREATE DATABASE "crappy_development" ENCODING = 'unicode'[0m
  [1m[35m (295.9ms)[0m  CREATE DATABASE "crappy_test" ENCODING = 'unicode'
  [1m[36m (8.2ms)[0m  [1mCREATE TABLE "bathroom_types" ("id" serial primary key, "type" character varying(255), "created_at" timestamp NOT NULL, "updated_at" timestamp NOT NULL) [0m
  [1m[35m (2.8ms)[0m  CREATE TABLE "bathrooms" ("id" serial primary key, "isHandicapAccessible" boolean, "isPublic" boolean, "isFamily" boolean, "isGreen" boolean, "isUnisex" boolean, "isHandsFree" boolean, "hasProductDispenser" boolean, "hasAttendent" boolean, "hasSignage" boolean, "hasWifi" boolean, "venue_id" integer, "BathroomType_id" integer, "created_at" timestamp NOT NULL, "updated_at" timestamp NOT NULL) 
  [1m[36m (2.0ms)[0m  [1m SELECT distinct i.relname, d.indisunique, d.indkey, pg_get_indexdef(d.indexrelid), t.oid
 FROM pg_class t
 INNER JOIN pg_index d ON t.oid = d.indrelid
 INNER JOIN pg_class i ON d.indexrelid = i.oid
 WHERE i.relkind = 'i'
 AND d.indisprimary = 'f'
 AND t.relname = 'bathrooms'
 AND i.relnamespace IN (SELECT oid FROM pg_namespace WHERE nspname = ANY (current_schemas(false)) )
 ORDER BY i.relname
[0m
  [1m[35m (1.8ms)[0m  CREATE INDEX "index_bathrooms_on_BathroomType_id" ON "bathrooms" ("BathroomType_id")
  [1m[36m (0.9ms)[0m  [1m SELECT distinct i.relname, d.indisunique, d.indkey, pg_get_indexdef(d.indexrelid), t.oid
 FROM pg_class t
 INNER JOIN pg_index d ON t.oid = d.indrelid
 INNER JOIN pg_class i ON d.indexrelid = i.oid
 WHERE i.relkind = 'i'
 AND d.indisprimary = 'f'
 AND t.relname = 'bathrooms'
 AND i.relnamespace IN (SELECT oid FROM pg_namespace WHERE nspname = ANY (current_schemas(false)) )
 ORDER BY i.relname
[0m
  [1m[35mColumns for index index_bathrooms_on_BathroomType_id on bathrooms (1.1ms)[0m   SELECT a.attnum, a.attname
 FROM pg_attribute a
 WHERE a.attrelid = 18397
 AND a.attnum IN (13)

  [1m[36m (1.1ms)[0m  [1mCREATE INDEX "index_bathrooms_on_venue_id" ON "bathrooms" ("venue_id")[0m
  [1m[35m (4.1ms)[0m  CREATE TABLE "reviews" ("id" serial primary key, "reviewText" text, "bathroom_id" integer, "created_at" timestamp NOT NULL, "updated_at" timestamp NOT NULL) 
  [1m[36m (1.5ms)[0m  [1m SELECT distinct i.relname, d.indisunique, d.indkey, pg_get_indexdef(d.indexrelid), t.oid
 FROM pg_class t
 INNER JOIN pg_index d ON t.oid = d.indrelid
 INNER JOIN pg_class i ON d.indexrelid = i.oid
 WHERE i.relkind = 'i'
 AND d.indisprimary = 'f'
 AND t.relname = 'reviews'
 AND i.relnamespace IN (SELECT oid FROM pg_namespace WHERE nspname = ANY (current_schemas(false)) )
 ORDER BY i.relname
[0m
  [1m[35m (1.6ms)[0m  CREATE INDEX "index_reviews_on_bathroom_id" ON "reviews" ("bathroom_id")
  [1m[36m (3.2ms)[0m  [1mCREATE TABLE "score_types" ("id" serial primary key, "type" character varying(255), "created_at" timestamp NOT NULL, "updated_at" timestamp NOT NULL) [0m
  [1m[35m (2.8ms)[0m  CREATE TABLE "scores" ("id" serial primary key, "value" integer, "bathroom_id" integer, "ScoreType_id" integer, "created_at" timestamp NOT NULL, "updated_at" timestamp NOT NULL) 
  [1m[36m (1.0ms)[0m  [1m SELECT distinct i.relname, d.indisunique, d.indkey, pg_get_indexdef(d.indexrelid), t.oid
 FROM pg_class t
 INNER JOIN pg_index d ON t.oid = d.indrelid
 INNER JOIN pg_class i ON d.indexrelid = i.oid
 WHERE i.relkind = 'i'
 AND d.indisprimary = 'f'
 AND t.relname = 'scores'
 AND i.relnamespace IN (SELECT oid FROM pg_namespace WHERE nspname = ANY (current_schemas(false)) )
 ORDER BY i.relname
[0m
  [1m[35m (1.2ms)[0m  CREATE INDEX "index_scores_on_ScoreType_id" ON "scores" ("ScoreType_id")
  [1m[36m (0.9ms)[0m  [1m SELECT distinct i.relname, d.indisunique, d.indkey, pg_get_indexdef(d.indexrelid), t.oid
 FROM pg_class t
 INNER JOIN pg_index d ON t.oid = d.indrelid
 INNER JOIN pg_class i ON d.indexrelid = i.oid
 WHERE i.relkind = 'i'
 AND d.indisprimary = 'f'
 AND t.relname = 'scores'
 AND i.relnamespace IN (SELECT oid FROM pg_namespace WHERE nspname = ANY (current_schemas(false)) )
 ORDER BY i.relname
[0m
  [1m[35mColumns for index index_scores_on_ScoreType_id on scores (0.2ms)[0m   SELECT a.attnum, a.attname
 FROM pg_attribute a
 WHERE a.attrelid = 18427
 AND a.attnum IN (4)

  [1m[36m (1.0ms)[0m  [1mCREATE INDEX "index_scores_on_bathroom_id" ON "scores" ("bathroom_id")[0m
  [1m[35m (4.5ms)[0m  CREATE TABLE "venues" ("id" serial primary key, "name" character varying(255), "address" character varying(255), "city" character varying(255), "state" character varying(255), "zip" character varying(255), "created_at" timestamp NOT NULL, "updated_at" timestamp NOT NULL) 
  [1m[36m (0.8ms)[0m  [1mCREATE TABLE "schema_migrations" ("version" character varying(255) NOT NULL) [0m
  [1m[35m (0.8ms)[0m   SELECT distinct i.relname, d.indisunique, d.indkey, pg_get_indexdef(d.indexrelid), t.oid
 FROM pg_class t
 INNER JOIN pg_index d ON t.oid = d.indrelid
 INNER JOIN pg_class i ON d.indexrelid = i.oid
 WHERE i.relkind = 'i'
 AND d.indisprimary = 'f'
 AND t.relname = 'schema_migrations'
 AND i.relnamespace IN (SELECT oid FROM pg_namespace WHERE nspname = ANY (current_schemas(false)) )
 ORDER BY i.relname

  [1m[36m (1.1ms)[0m  [1mCREATE UNIQUE INDEX "unique_schema_migrations" ON "schema_migrations" ("version")[0m
  [1m[35m (0.2ms)[0m  SELECT version FROM "schema_migrations"
  [1m[36m (0.5ms)[0m  [1mINSERT INTO "schema_migrations" (version) VALUES ('20121006155102')[0m
  [1m[35m (0.5ms)[0m  INSERT INTO "schema_migrations" (version) VALUES ('20121006154600')
  [1m[36m (0.4ms)[0m  [1mINSERT INTO "schema_migrations" (version) VALUES ('20121006154759')[0m
  [1m[35m (0.4ms)[0m  INSERT INTO "schema_migrations" (version) VALUES ('20121006154815')
  [1m[36m (0.4ms)[0m  [1mINSERT INTO "schema_migrations" (version) VALUES ('20121006154945')[0m
  [1m[35m (0.4ms)[0m  INSERT INTO "schema_migrations" (version) VALUES ('20121006155036')
  [1m[36m (0.2ms)[0m  [1mSELECT "schema_migrations"."version" FROM "schema_migrations" [0m
Connecting to database specified by database.yml
  [1m[36m (0.5ms)[0m  [1mSELECT "schema_migrations"."version" FROM "schema_migrations" [0m
Migrating to CreateVenues (20121006154600)
Migrating to CreateBathroomTypes (20121006154759)
Migrating to CreateScoreTypes (20121006154815)
Migrating to CreateBathrooms (20121006154945)
Migrating to CreateReviews (20121006155036)
Migrating to CreateScores (20121006155102)
  [1m[35m (0.5ms)[0m  SELECT "schema_migrations"."version" FROM "schema_migrations" 
  [1m[36mPK and serial sequence (2.0ms)[0m  [1m SELECT attr.attname, seq.relname
 FROM pg_class seq,
 pg_attribute attr,
 pg_depend dep,
 pg_namespace name,
 pg_constraint cons
 WHERE seq.oid = dep.objid
 AND seq.relkind = 'S'
 AND attr.attrelid = dep.refobjid
 AND attr.attnum = dep.refobjsubid
 AND attr.attrelid = cons.conrelid
 AND attr.attnum = cons.conkey[1]
 AND cons.contype = 'p'
 AND dep.refobjid = '"bathroom_types"'::regclass
[0m
  [1m[35m (1.7ms)[0m   SELECT distinct i.relname, d.indisunique, d.indkey, pg_get_indexdef(d.indexrelid), t.oid
 FROM pg_class t
 INNER JOIN pg_index d ON t.oid = d.indrelid
 INNER JOIN pg_class i ON d.indexrelid = i.oid
 WHERE i.relkind = 'i'
 AND d.indisprimary = 'f'
 AND t.relname = 'bathroom_types'
 AND i.relnamespace IN (SELECT oid FROM pg_namespace WHERE nspname = ANY (current_schemas(false)) )
 ORDER BY i.relname

  [1m[36mPK and serial sequence (1.1ms)[0m  [1m SELECT attr.attname, seq.relname
 FROM pg_class seq,
 pg_attribute attr,
 pg_depend dep,
 pg_namespace name,
 pg_constraint cons
 WHERE seq.oid = dep.objid
 AND seq.relkind = 'S'
 AND attr.attrelid = dep.refobjid
 AND attr.attnum = dep.refobjsubid
 AND attr.attrelid = cons.conrelid
 AND attr.attnum = cons.conkey[1]
 AND cons.contype = 'p'
 AND dep.refobjid = '"bathrooms"'::regclass
[0m
  [1m[35m (1.0ms)[0m   SELECT distinct i.relname, d.indisunique, d.indkey, pg_get_indexdef(d.indexrelid), t.oid
 FROM pg_class t
 INNER JOIN pg_index d ON t.oid = d.indrelid
 INNER JOIN pg_class i ON d.indexrelid = i.oid
 WHERE i.relkind = 'i'
 AND d.indisprimary = 'f'
 AND t.relname = 'bathrooms'
 AND i.relnamespace IN (SELECT oid FROM pg_namespace WHERE nspname = ANY (current_schemas(false)) )
 ORDER BY i.relname

  [1m[36mColumns for index index_bathrooms_on_BathroomType_id on bathrooms (0.3ms)[0m  [1m SELECT a.attnum, a.attname
 FROM pg_attribute a
 WHERE a.attrelid = 18397
 AND a.attnum IN (13)
[0m
  [1m[35mColumns for index index_bathrooms_on_venue_id on bathrooms (0.2ms)[0m   SELECT a.attnum, a.attname
 FROM pg_attribute a
 WHERE a.attrelid = 18397
 AND a.attnum IN (12)

  [1m[36mPK and serial sequence (1.1ms)[0m  [1m SELECT attr.attname, seq.relname
 FROM pg_class seq,
 pg_attribute attr,
 pg_depend dep,
 pg_namespace name,
 pg_constraint cons
 WHERE seq.oid = dep.objid
 AND seq.relkind = 'S'
 AND attr.attrelid = dep.refobjid
 AND attr.attnum = dep.refobjsubid
 AND attr.attrelid = cons.conrelid
 AND attr.attnum = cons.conkey[1]
 AND cons.contype = 'p'
 AND dep.refobjid = '"reviews"'::regclass
[0m
  [1m[35m (0.9ms)[0m   SELECT distinct i.relname, d.indisunique, d.indkey, pg_get_indexdef(d.indexrelid), t.oid
 FROM pg_class t
 INNER JOIN pg_index d ON t.oid = d.indrelid
 INNER JOIN pg_class i ON d.indexrelid = i.oid
 WHERE i.relkind = 'i'
 AND d.indisprimary = 'f'
 AND t.relname = 'reviews'
 AND i.relnamespace IN (SELECT oid FROM pg_namespace WHERE nspname = ANY (current_schemas(false)) )
 ORDER BY i.relname

  [1m[36mColumns for index index_reviews_on_bathroom_id on reviews (0.4ms)[0m  [1m SELECT a.attnum, a.attname
 FROM pg_attribute a
 WHERE a.attrelid = 18407
 AND a.attnum IN (3)
[0m
  [1m[35mPK and serial sequence (1.1ms)[0m   SELECT attr.attname, seq.relname
 FROM pg_class seq,
 pg_attribute attr,
 pg_depend dep,
 pg_namespace name,
 pg_constraint cons
 WHERE seq.oid = dep.objid
 AND seq.relkind = 'S'
 AND attr.attrelid = dep.refobjid
 AND attr.attnum = dep.refobjsubid
 AND attr.attrelid = cons.conrelid
 AND attr.attnum = cons.conkey[1]
 AND cons.contype = 'p'
 AND dep.refobjid = '"score_types"'::regclass

  [1m[36m (0.8ms)[0m  [1m SELECT distinct i.relname, d.indisunique, d.indkey, pg_get_indexdef(d.indexrelid), t.oid
 FROM pg_class t
 INNER JOIN pg_index d ON t.oid = d.indrelid
 INNER JOIN pg_class i ON d.indexrelid = i.oid
 WHERE i.relkind = 'i'
 AND d.indisprimary = 'f'
 AND t.relname = 'score_types'
 AND i.relnamespace IN (SELECT oid FROM pg_namespace WHERE nspname = ANY (current_schemas(false)) )
 ORDER BY i.relname
[0m
  [1m[35mPK and serial sequence (1.1ms)[0m   SELECT attr.attname, seq.relname
 FROM pg_class seq,
 pg_attribute attr,
 pg_depend dep,
 pg_namespace name,
 pg_constraint cons
 WHERE seq.oid = dep.objid
 AND seq.relkind = 'S'
 AND attr.attrelid = dep.refobjid
 AND attr.attnum = dep.refobjsubid
 AND attr.attrelid = cons.conrelid
 AND attr.attnum = cons.conkey[1]
 AND cons.contype = 'p'
 AND dep.refobjid = '"scores"'::regclass

  [1m[36m (0.9ms)[0m  [1m SELECT distinct i.relname, d.indisunique, d.indkey, pg_get_indexdef(d.indexrelid), t.oid
 FROM pg_class t
 INNER JOIN pg_index d ON t.oid = d.indrelid
 INNER JOIN pg_class i ON d.indexrelid = i.oid
 WHERE i.relkind = 'i'
 AND d.indisprimary = 'f'
 AND t.relname = 'scores'
 AND i.relnamespace IN (SELECT oid FROM pg_namespace WHERE nspname = ANY (current_schemas(false)) )
 ORDER BY i.relname
[0m
  [1m[35mColumns for index index_scores_on_ScoreType_id on scores (0.4ms)[0m   SELECT a.attnum, a.attname
 FROM pg_attribute a
 WHERE a.attrelid = 18427
 AND a.attnum IN (4)

  [1m[36mColumns for index index_scores_on_bathroom_id on scores (0.4ms)[0m  [1m SELECT a.attnum, a.attname
 FROM pg_attribute a
 WHERE a.attrelid = 18427
 AND a.attnum IN (3)
[0m
  [1m[35mPK and serial sequence (1.0ms)[0m   SELECT attr.attname, seq.relname
 FROM pg_class seq,
 pg_attribute attr,
 pg_depend dep,
 pg_namespace name,
 pg_constraint cons
 WHERE seq.oid = dep.objid
 AND seq.relkind = 'S'
 AND attr.attrelid = dep.refobjid
 AND attr.attnum = dep.refobjsubid
 AND attr.attrelid = cons.conrelid
 AND attr.attnum = cons.conkey[1]
 AND cons.contype = 'p'
 AND dep.refobjid = '"venues"'::regclass

  [1m[36m (0.8ms)[0m  [1m SELECT distinct i.relname, d.indisunique, d.indkey, pg_get_indexdef(d.indexrelid), t.oid
 FROM pg_class t
 INNER JOIN pg_index d ON t.oid = d.indrelid
 INNER JOIN pg_class i ON d.indexrelid = i.oid
 WHERE i.relkind = 'i'
 AND d.indisprimary = 'f'
 AND t.relname = 'venues'
 AND i.relnamespace IN (SELECT oid FROM pg_namespace WHERE nspname = ANY (current_schemas(false)) )
 ORDER BY i.relname
[0m


Started GET "/assets/rails.png" for 127.0.0.1 at 2012-10-06 13:29:25 -0400
Connecting to database specified by database.yml
Served asset /rails.png - 200 OK (4ms)


Started GET "/bathroom" for 127.0.0.1 at 2012-10-06 13:29:32 -0400

ActionController::RoutingError (No route matches [GET] "/bathroom"):
  actionpack (3.2.8) lib/action_dispatch/middleware/debug_exceptions.rb:21:in `call'
  actionpack (3.2.8) lib/action_dispatch/middleware/show_exceptions.rb:56:in `call'
  railties (3.2.8) lib/rails/rack/logger.rb:26:in `call_app'
  railties (3.2.8) lib/rails/rack/logger.rb:16:in `call'
  actionpack (3.2.8) lib/action_dispatch/middleware/request_id.rb:22:in `call'
  rack (1.4.1) lib/rack/methodoverride.rb:21:in `call'
  rack (1.4.1) lib/rack/runtime.rb:17:in `call'
  activesupport (3.2.8) lib/active_support/cache/strategy/local_cache.rb:72:in `call'
  rack (1.4.1) lib/rack/lock.rb:15:in `call'
  actionpack (3.2.8) lib/action_dispatch/middleware/static.rb:62:in `call'
  railties (3.2.8) lib/rails/engine.rb:479:in `call'
  railties (3.2.8) lib/rails/application.rb:223:in `call'
  rack (1.4.1) lib/rack/content_length.rb:14:in `call'
  railties (3.2.8) lib/rails/rack/log_tailer.rb:17:in `call'
  rack (1.4.1) lib/rack/handler/webrick.rb:59:in `service'
  /Users/cbordeleau/.rvm/rubies/ruby-1.9.3-p194/lib/ruby/1.9.1/webrick/httpserver.rb:138:in `service'
  /Users/cbordeleau/.rvm/rubies/ruby-1.9.3-p194/lib/ruby/1.9.1/webrick/httpserver.rb:94:in `run'
  /Users/cbordeleau/.rvm/rubies/ruby-1.9.3-p194/lib/ruby/1.9.1/webrick/server.rb:191:in `block in start_thread'


  Rendered /Users/cbordeleau/.rvm/gems/ruby-1.9.3-p194/gems/actionpack-3.2.8/lib/action_dispatch/middleware/templates/rescues/routing_error.erb within rescues/layout (30.0ms)


Started GET "/bathrooms" for 127.0.0.1 at 2012-10-06 13:29:35 -0400

ActionController::RoutingError (No route matches [GET] "/bathrooms"):
  actionpack (3.2.8) lib/action_dispatch/middleware/debug_exceptions.rb:21:in `call'
  actionpack (3.2.8) lib/action_dispatch/middleware/show_exceptions.rb:56:in `call'
  railties (3.2.8) lib/rails/rack/logger.rb:26:in `call_app'
  railties (3.2.8) lib/rails/rack/logger.rb:16:in `call'
  actionpack (3.2.8) lib/action_dispatch/middleware/request_id.rb:22:in `call'
  rack (1.4.1) lib/rack/methodoverride.rb:21:in `call'
  rack (1.4.1) lib/rack/runtime.rb:17:in `call'
  activesupport (3.2.8) lib/active_support/cache/strategy/local_cache.rb:72:in `call'
  rack (1.4.1) lib/rack/lock.rb:15:in `call'
  actionpack (3.2.8) lib/action_dispatch/middleware/static.rb:62:in `call'
  railties (3.2.8) lib/rails/engine.rb:479:in `call'
  railties (3.2.8) lib/rails/application.rb:223:in `call'
  rack (1.4.1) lib/rack/content_length.rb:14:in `call'
  railties (3.2.8) lib/rails/rack/log_tailer.rb:17:in `call'
  rack (1.4.1) lib/rack/handler/webrick.rb:59:in `service'
  /Users/cbordeleau/.rvm/rubies/ruby-1.9.3-p194/lib/ruby/1.9.1/webrick/httpserver.rb:138:in `service'
  /Users/cbordeleau/.rvm/rubies/ruby-1.9.3-p194/lib/ruby/1.9.1/webrick/httpserver.rb:94:in `run'
  /Users/cbordeleau/.rvm/rubies/ruby-1.9.3-p194/lib/ruby/1.9.1/webrick/server.rb:191:in `block in start_thread'


  Rendered /Users/cbordeleau/.rvm/gems/ruby-1.9.3-p194/gems/actionpack-3.2.8/lib/action_dispatch/middleware/templates/rescues/routing_error.erb within rescues/layout (0.9ms)


Started GET "/bathrooms/add" for 127.0.0.1 at 2012-10-06 13:29:44 -0400
Processing by BathroomsController#add as HTML
  [1m[36m (0.3ms)[0m  [1mBEGIN[0m
  [1m[35mSQL (40.0ms)[0m  INSERT INTO "bathrooms" ("BathroomType_id", "created_at", "hasAttendent", "hasProductDispenser", "hasSignage", "hasWifi", "isFamily", "isGreen", "isHandicapAccessible", "isHandsFree", "isPublic", "isUnisex", "updated_at", "venue_id") VALUES ($1, $2, $3, $4, $5, $6, $7, $8, $9, $10, $11, $12, $13, $14) RETURNING "id"  [["BathroomType_id", nil], ["created_at", Sat, 06 Oct 2012 17:29:44 UTC +00:00], ["hasAttendent", nil], ["hasProductDispenser", nil], ["hasSignage", nil], ["hasWifi", nil], ["isFamily", nil], ["isGreen", nil], ["isHandicapAccessible", nil], ["isHandsFree", nil], ["isPublic", nil], ["isUnisex", nil], ["updated_at", Sat, 06 Oct 2012 17:29:44 UTC +00:00], ["venue_id", nil]]
  [1m[36m (0.7ms)[0m  [1mCOMMIT[0m
Completed 500 Internal Server Error in 132ms

NoMethodError (undefined method `isHandsfree=' for #<Bathroom:0x007feb069d8f20>):
  app/controllers/bathrooms_controller.rb:11:in `add'


  Rendered /Users/cbordeleau/.rvm/gems/ruby-1.9.3-p194/gems/actionpack-3.2.8/lib/action_dispatch/middleware/templates/rescues/_trace.erb (1.0ms)
  Rendered /Users/cbordeleau/.rvm/gems/ruby-1.9.3-p194/gems/actionpack-3.2.8/lib/action_dispatch/middleware/templates/rescues/_request_and_response.erb (0.7ms)
  Rendered /Users/cbordeleau/.rvm/gems/ruby-1.9.3-p194/gems/actionpack-3.2.8/lib/action_dispatch/middleware/templates/rescues/diagnostics.erb within rescues/layout (8.8ms)


Started GET "/bathrooms/add" for 127.0.0.1 at 2012-10-06 13:30:37 -0400
Processing by BathroomsController#add as HTML
  [1m[35m (0.3ms)[0m  BEGIN
  [1m[36mSQL (0.9ms)[0m  [1mINSERT INTO "bathrooms" ("BathroomType_id", "created_at", "hasAttendent", "hasProductDispenser", "hasSignage", "hasWifi", "isFamily", "isGreen", "isHandicapAccessible", "isHandsFree", "isPublic", "isUnisex", "updated_at", "venue_id") VALUES ($1, $2, $3, $4, $5, $6, $7, $8, $9, $10, $11, $12, $13, $14) RETURNING "id"[0m  [["BathroomType_id", nil], ["created_at", Sat, 06 Oct 2012 17:30:37 UTC +00:00], ["hasAttendent", nil], ["hasProductDispenser", nil], ["hasSignage", nil], ["hasWifi", nil], ["isFamily", nil], ["isGreen", nil], ["isHandicapAccessible", nil], ["isHandsFree", nil], ["isPublic", nil], ["isUnisex", nil], ["updated_at", Sat, 06 Oct 2012 17:30:37 UTC +00:00], ["venue_id", nil]]
  [1m[35m (0.7ms)[0m  COMMIT
Completed 500 Internal Server Error in 22ms

NoMethodError (undefined method `hasAttendant=' for #<Bathroom:0x007feb074b7f68>):
  app/controllers/bathrooms_controller.rb:13:in `add'


  Rendered /Users/cbordeleau/.rvm/gems/ruby-1.9.3-p194/gems/actionpack-3.2.8/lib/action_dispatch/middleware/templates/rescues/_trace.erb (1.0ms)
  Rendered /Users/cbordeleau/.rvm/gems/ruby-1.9.3-p194/gems/actionpack-3.2.8/lib/action_dispatch/middleware/templates/rescues/_request_and_response.erb (0.8ms)
  Rendered /Users/cbordeleau/.rvm/gems/ruby-1.9.3-p194/gems/actionpack-3.2.8/lib/action_dispatch/middleware/templates/rescues/diagnostics.erb within rescues/layout (6.8ms)


Started GET "/bathrooms/add" for 127.0.0.1 at 2012-10-06 13:30:53 -0400
Processing by BathroomsController#add as HTML
  [1m[36m (0.3ms)[0m  [1mBEGIN[0m
  [1m[35mSQL (0.6ms)[0m  INSERT INTO "bathrooms" ("BathroomType_id", "created_at", "hasAttendent", "hasProductDispenser", "hasSignage", "hasWifi", "isFamily", "isGreen", "isHandicapAccessible", "isHandsFree", "isPublic", "isUnisex", "updated_at", "venue_id") VALUES ($1, $2, $3, $4, $5, $6, $7, $8, $9, $10, $11, $12, $13, $14) RETURNING "id"  [["BathroomType_id", nil], ["created_at", Sat, 06 Oct 2012 17:30:53 UTC +00:00], ["hasAttendent", nil], ["hasProductDispenser", nil], ["hasSignage", nil], ["hasWifi", nil], ["isFamily", nil], ["isGreen", nil], ["isHandicapAccessible", nil], ["isHandsFree", nil], ["isPublic", nil], ["isUnisex", nil], ["updated_at", Sat, 06 Oct 2012 17:30:53 UTC +00:00], ["venue_id", nil]]
  [1m[36m (0.7ms)[0m  [1mCOMMIT[0m
  [1m[35m (0.3ms)[0m  BEGIN
  [1m[36m (0.3ms)[0m  [1mCOMMIT[0m
  Rendered bathrooms/add.html.erb within layouts/application (0.3ms)
Compiled bathrooms.css  (32ms)  (pid 2501)
Compiled application.css  (38ms)  (pid 2501)
Compiled jquery.js  (32ms)  (pid 2501)
Compiled jquery_ujs.js  (0ms)  (pid 2501)
Compiled bathrooms.js  (122ms)  (pid 2501)
Compiled application.js  (236ms)  (pid 2501)
Completed 200 OK in 387ms (Views: 335.0ms | ActiveRecord: 4.3ms)


Started GET "/assets/bathrooms.css?body=1" for 127.0.0.1 at 2012-10-06 13:30:53 -0400
Served asset /bathrooms.css - 200 OK (3ms)


Started GET "/assets/bathrooms.js?body=1" for 127.0.0.1 at 2012-10-06 13:30:53 -0400
Served asset /bathrooms.js - 200 OK (1ms)


Started GET "/assets/jquery.js?body=1" for 127.0.0.1 at 2012-10-06 13:30:53 -0400
Served asset /jquery.js - 200 OK (2ms)


Started GET "/assets/jquery_ujs.js?body=1" for 127.0.0.1 at 2012-10-06 13:30:54 -0400
Served asset /jquery_ujs.js - 304 Not Modified (2ms)


Started GET "/assets/application.js?body=1" for 127.0.0.1 at 2012-10-06 13:30:54 -0400
Served asset /application.js - 200 OK (4ms)


Started GET "/assets/application.css?body=1" for 127.0.0.1 at 2012-10-06 13:30:54 -0400
Served asset /application.css - 304 Not Modified (2ms)


Started GET "/bathrooms/add" for 127.0.0.1 at 2012-10-06 13:31:51 -0400
Processing by BathroomsController#add as HTML
  [1m[35m (0.4ms)[0m  BEGIN
  [1m[36mSQL (0.8ms)[0m  [1mINSERT INTO "bathrooms" ("BathroomType_id", "created_at", "hasAttendent", "hasProductDispenser", "hasSignage", "hasWifi", "isFamily", "isGreen", "isHandicapAccessible", "isHandsFree", "isPublic", "isUnisex", "updated_at", "venue_id") VALUES ($1, $2, $3, $4, $5, $6, $7, $8, $9, $10, $11, $12, $13, $14) RETURNING "id"[0m  [["BathroomType_id", nil], ["created_at", Sat, 06 Oct 2012 17:31:51 UTC +00:00], ["hasAttendent", nil], ["hasProductDispenser", nil], ["hasSignage", nil], ["hasWifi", nil], ["isFamily", nil], ["isGreen", nil], ["isHandicapAccessible", nil], ["isHandsFree", nil], ["isPublic", nil], ["isUnisex", nil], ["updated_at", Sat, 06 Oct 2012 17:31:51 UTC +00:00], ["venue_id", nil]]
  [1m[35m (1.0ms)[0m  COMMIT
  [1m[36m (0.3ms)[0m  [1mBEGIN[0m
  [1m[35m (0.2ms)[0m  COMMIT
Completed 500 Internal Server Error in 54ms

ActionView::MissingTemplate (Missing template bathrooms/hello world, application/hello world with {:locale=>[:en], :formats=>[:html], :handlers=>[:erb, :builder, :coffee]}. Searched in:
  * "/Users/cbordeleau/Development/crappy-api/server/app/views"
):
  app/controllers/bathrooms_controller.rb:19:in `add'


  Rendered /Users/cbordeleau/.rvm/gems/ruby-1.9.3-p194/gems/actionpack-3.2.8/lib/action_dispatch/middleware/templates/rescues/missing_template.erb within rescues/layout (0.8ms)


Started GET "/bathrooms/add" for 127.0.0.1 at 2012-10-06 13:33:57 -0400
Processing by BathroomsController#add as HTML
  [1m[36m (0.3ms)[0m  [1mBEGIN[0m
  [1m[35mSQL (0.7ms)[0m  INSERT INTO "bathrooms" ("BathroomType_id", "created_at", "hasAttendent", "hasProductDispenser", "hasSignage", "hasWifi", "isFamily", "isGreen", "isHandicapAccessible", "isHandsFree", "isPublic", "isUnisex", "updated_at", "venue_id") VALUES ($1, $2, $3, $4, $5, $6, $7, $8, $9, $10, $11, $12, $13, $14) RETURNING "id"  [["BathroomType_id", nil], ["created_at", Sat, 06 Oct 2012 17:33:57 UTC +00:00], ["hasAttendent", nil], ["hasProductDispenser", nil], ["hasSignage", nil], ["hasWifi", nil], ["isFamily", nil], ["isGreen", nil], ["isHandicapAccessible", nil], ["isHandsFree", nil], ["isPublic", nil], ["isUnisex", nil], ["updated_at", Sat, 06 Oct 2012 17:33:57 UTC +00:00], ["venue_id", nil]]
  [1m[36m (0.7ms)[0m  [1mCOMMIT[0m
  [1m[35m (0.1ms)[0m  BEGIN
  [1m[36m (0.1ms)[0m  [1mCOMMIT[0m
Completed 200 OK in 55ms (Views: 0.2ms | ActiveRecord: 4.6ms)


Started GET "/bathrooms/add" for 127.0.0.1 at 2012-10-06 13:35:22 -0400
Processing by BathroomsController#add as HTML
  [1m[35m (0.3ms)[0m  BEGIN
  [1m[36mSQL (0.9ms)[0m  [1mINSERT INTO "bathrooms" ("BathroomType_id", "created_at", "hasAttendent", "hasProductDispenser", "hasSignage", "hasWifi", "isFamily", "isGreen", "isHandicapAccessible", "isHandsFree", "isPublic", "isUnisex", "updated_at", "venue_id") VALUES ($1, $2, $3, $4, $5, $6, $7, $8, $9, $10, $11, $12, $13, $14) RETURNING "id"[0m  [["BathroomType_id", nil], ["created_at", Sat, 06 Oct 2012 17:35:22 UTC +00:00], ["hasAttendent", nil], ["hasProductDispenser", nil], ["hasSignage", nil], ["hasWifi", nil], ["isFamily", nil], ["isGreen", nil], ["isHandicapAccessible", nil], ["isHandsFree", nil], ["isPublic", nil], ["isUnisex", nil], ["updated_at", Sat, 06 Oct 2012 17:35:22 UTC +00:00], ["venue_id", nil]]
  [1m[35m (0.4ms)[0m  COMMIT
  [1m[36m (0.1ms)[0m  [1mBEGIN[0m
  [1m[35m (0.4ms)[0m  COMMIT
Completed 200 OK in 36ms (Views: 0.3ms | ActiveRecord: 5.1ms)


Started GET "/bathrooms/add?isPublic=true" for 127.0.0.1 at 2012-10-06 13:35:33 -0400
Processing by BathroomsController#add as HTML
  Parameters: {"isPublic"=>"true"}
  [1m[36m (0.2ms)[0m  [1mBEGIN[0m
  [1m[35mSQL (0.6ms)[0m  INSERT INTO "bathrooms" ("BathroomType_id", "created_at", "hasAttendent", "hasProductDispenser", "hasSignage", "hasWifi", "isFamily", "isGreen", "isHandicapAccessible", "isHandsFree", "isPublic", "isUnisex", "updated_at", "venue_id") VALUES ($1, $2, $3, $4, $5, $6, $7, $8, $9, $10, $11, $12, $13, $14) RETURNING "id"  [["BathroomType_id", nil], ["created_at", Sat, 06 Oct 2012 17:35:33 UTC +00:00], ["hasAttendent", nil], ["hasProductDispenser", nil], ["hasSignage", nil], ["hasWifi", nil], ["isFamily", nil], ["isGreen", nil], ["isHandicapAccessible", nil], ["isHandsFree", nil], ["isPublic", nil], ["isUnisex", nil], ["updated_at", Sat, 06 Oct 2012 17:35:33 UTC +00:00], ["venue_id", nil]]
  [1m[36m (0.4ms)[0m  [1mCOMMIT[0m
  [1m[35m (0.1ms)[0m  BEGIN
  [1m[36m (0.8ms)[0m  [1mUPDATE "bathrooms" SET "isPublic" = 't', "updated_at" = '2012-10-06 17:35:33.605202' WHERE "bathrooms"."id" = 7[0m
  [1m[35m (0.6ms)[0m  COMMIT
Completed 200 OK in 8ms (Views: 0.1ms | ActiveRecord: 2.7ms)


Started GET "/bathrooms/add?isPublic=trueasdf" for 127.0.0.1 at 2012-10-06 13:35:39 -0400
Processing by BathroomsController#add as HTML
  Parameters: {"isPublic"=>"trueasdf"}
  [1m[36m (0.2ms)[0m  [1mBEGIN[0m
  [1m[35mSQL (0.6ms)[0m  INSERT INTO "bathrooms" ("BathroomType_id", "created_at", "hasAttendent", "hasProductDispenser", "hasSignage", "hasWifi", "isFamily", "isGreen", "isHandicapAccessible", "isHandsFree", "isPublic", "isUnisex", "updated_at", "venue_id") VALUES ($1, $2, $3, $4, $5, $6, $7, $8, $9, $10, $11, $12, $13, $14) RETURNING "id"  [["BathroomType_id", nil], ["created_at", Sat, 06 Oct 2012 17:35:39 UTC +00:00], ["hasAttendent", nil], ["hasProductDispenser", nil], ["hasSignage", nil], ["hasWifi", nil], ["isFamily", nil], ["isGreen", nil], ["isHandicapAccessible", nil], ["isHandsFree", nil], ["isPublic", nil], ["isUnisex", nil], ["updated_at", Sat, 06 Oct 2012 17:35:39 UTC +00:00], ["venue_id", nil]]
  [1m[36m (0.7ms)[0m  [1mCOMMIT[0m
  [1m[35m (0.1ms)[0m  BEGIN
  [1m[36m (0.4ms)[0m  [1mUPDATE "bathrooms" SET "isPublic" = 'f', "updated_at" = '2012-10-06 17:35:39.303462' WHERE "bathrooms"."id" = 8[0m
  [1m[35m (0.4ms)[0m  COMMIT
Completed 200 OK in 6ms (Views: 0.2ms | ActiveRecord: 2.4ms)


Started GET "/bathrooms/add?isPublic=trueasdf" for 127.0.0.1 at 2012-10-06 13:36:37 -0400
Processing by BathroomsController#add as HTML
  Parameters: {"isPublic"=>"trueasdf"}
  [1m[36m (0.2ms)[0m  [1mBEGIN[0m
  [1m[35mSQL (0.5ms)[0m  INSERT INTO "bathrooms" ("BathroomType_id", "created_at", "hasAttendent", "hasProductDispenser", "hasSignage", "hasWifi", "isFamily", "isGreen", "isHandicapAccessible", "isHandsFree", "isPublic", "isUnisex", "updated_at", "venue_id") VALUES ($1, $2, $3, $4, $5, $6, $7, $8, $9, $10, $11, $12, $13, $14) RETURNING "id"  [["BathroomType_id", nil], ["created_at", Sat, 06 Oct 2012 17:36:37 UTC +00:00], ["hasAttendent", nil], ["hasProductDispenser", nil], ["hasSignage", nil], ["hasWifi", nil], ["isFamily", nil], ["isGreen", nil], ["isHandicapAccessible", nil], ["isHandsFree", nil], ["isPublic", nil], ["isUnisex", nil], ["updated_at", Sat, 06 Oct 2012 17:36:37 UTC +00:00], ["venue_id", nil]]
  [1m[36m (0.4ms)[0m  [1mCOMMIT[0m
  [1m[35m (0.0ms)[0m  BEGIN
  [1m[36m (0.4ms)[0m  [1mUPDATE "bathrooms" SET "isPublic" = 'f', "updated_at" = '2012-10-06 17:36:37.454470' WHERE "bathrooms"."id" = 9[0m
  [1m[35m (0.5ms)[0m  COMMIT
Completed 200 OK in 22ms (Views: 0.2ms | ActiveRecord: 3.8ms)


Started GET "/bathrooms/add?isPublic=trueasdf" for 127.0.0.1 at 2012-10-06 13:36:41 -0400
Processing by BathroomsController#add as HTML
  Parameters: {"isPublic"=>"trueasdf"}
  [1m[36m (0.1ms)[0m  [1mBEGIN[0m
  [1m[35mSQL (0.5ms)[0m  INSERT INTO "bathrooms" ("BathroomType_id", "created_at", "hasAttendent", "hasProductDispenser", "hasSignage", "hasWifi", "isFamily", "isGreen", "isHandicapAccessible", "isHandsFree", "isPublic", "isUnisex", "updated_at", "venue_id") VALUES ($1, $2, $3, $4, $5, $6, $7, $8, $9, $10, $11, $12, $13, $14) RETURNING "id"  [["BathroomType_id", nil], ["created_at", Sat, 06 Oct 2012 17:36:41 UTC +00:00], ["hasAttendent", nil], ["hasProductDispenser", nil], ["hasSignage", nil], ["hasWifi", nil], ["isFamily", nil], ["isGreen", nil], ["isHandicapAccessible", nil], ["isHandsFree", nil], ["isPublic", nil], ["isUnisex", nil], ["updated_at", Sat, 06 Oct 2012 17:36:41 UTC +00:00], ["venue_id", nil]]
  [1m[36m (0.4ms)[0m  [1mCOMMIT[0m
  [1m[35m (0.1ms)[0m  BEGIN
  [1m[36m (0.3ms)[0m  [1mUPDATE "bathrooms" SET "isPublic" = 'f', "updated_at" = '2012-10-06 17:36:41.347668' WHERE "bathrooms"."id" = 10[0m
  [1m[35m (0.4ms)[0m  COMMIT
Completed 200 OK in 5ms (Views: 0.2ms | ActiveRecord: 1.8ms)
